#
# There is insufficient memory for the Java Runtime Environment to continue.
# Native memory allocation (malloc) failed to allocate 687216 bytes for Chunk::new
# Possible reasons:
#   The system is out of physical RAM or swap space
#   The process is running with CompressedOops enabled, and the Java Heap may be blocking the growth of the native heap
# Possible solutions:
#   Reduce memory load on the system
#   Increase physical memory or swap space
#   Check if swap backing store is full
#   Decrease Java heap size (-Xmx/-Xms)
#   Decrease number of Java threads
#   Decrease Java thread stack sizes (-Xss)
#   Set larger code cache with -XX:ReservedCodeCacheSize=
#   JVM is running with Unscaled Compressed Oops mode in which the Java heap is
#     placed in the first 4GB address space. The Java Heap base address is the
#     maximum limit for the native heap growth. Please use -XX:HeapBaseMinAddress
#     to set the Java Heap base and to place the Java Heap above 4GB virtual address.
# This output file may be truncated or incomplete.
#
#  Out of Memory Error (t:/workspace/hotspot/src/share/vm/memory/allocation.cpp:372), pid=23704, tid=11016
#
# JRE version: Java(TM) SE Runtime Environment (9.0+11) (build 9.0.4+11)
# Java VM: Java HotSpot(TM) 64-Bit Server VM (9.0.4+11, mixed mode, tiered, compressed oops, g1 gc, windows-amd64)
# No core dump will be written. Minidumps are not enabled by default on client versions of Windows
#

---------------  S U M M A R Y ------------

Command Line: -Dfile.encoding=UTF-8 com.euro.currencyApi.CurrencyApiApplication

Host: Intel(R) Core(TM) i5-8250U CPU @ 1.60GHz, 8 cores, 7G,  Windows 10 , 64 bit Build 18362 (10.0.18362.329)
Time: Thu Apr 16 15:50:45 2020 India Standard Time elapsed time: 1 seconds (0d 0h 0m 1s)

---------------  T H R E A D  ---------------

Current thread (0x000001b571ecf800):  JavaThread "C2 CompilerThread2" daemon [_thread_in_native, id=11016, stack(0x00000088fc200000,0x00000088fc300000)]


Current CompileTask:
C2:   1313 1976       4       java.lang.invoke.MethodType::makeImpl (66 bytes)

Stack: [0x00000088fc200000,0x00000088fc300000]
Native frames: (J=compiled Java code, j=interpreted, Vv=VM code, C=native code)
V  [jvm.dll+0x587068]
V  [jvm.dll+0x69c25e]
V  [jvm.dll+0x69d17a]
V  [jvm.dll+0x69d7b3]
V  [jvm.dll+0x21d198]
V  [jvm.dll+0xa7aac]
V  [jvm.dll+0xa83ec]
V  [jvm.dll+0x28b3a4]
V  [jvm.dll+0x4aedea]
V  [jvm.dll+0x1eaeb0]
V  [jvm.dll+0x1e8d11]
V  [jvm.dll+0x1691cb]
V  [jvm.dll+0x1f6570]
V  [jvm.dll+0x1f51f6]
V  [jvm.dll+0x66b44f]
V  [jvm.dll+0x586490]
C  [msvcr120.dll+0x24f7f]
C  [msvcr120.dll+0x25126]
C  [KERNEL32.DLL+0x17bd4]
C  [ntdll.dll+0x6ced1]


---------------  P R O C E S S  ---------------

Java Threads: ( => current thread )
  0x000001b57227f000 JavaThread "Service Thread" daemon [_thread_blocked, id=22024, stack(0x00000088fc600000,0x00000088fc700000)]
  0x000001b5720ea000 JavaThread "Common-Cleaner" daemon [_thread_blocked, id=22416, stack(0x00000088fc500000,0x00000088fc600000)]
  0x000001b571ef3000 JavaThread "Sweeper thread" daemon [_thread_blocked, id=12408, stack(0x00000088fc400000,0x00000088fc500000)]
  0x000001b571ed0800 JavaThread "C1 CompilerThread3" daemon [_thread_blocked, id=15444, stack(0x00000088fc300000,0x00000088fc400000)]
=>0x000001b571ecf800 JavaThread "C2 CompilerThread2" daemon [_thread_in_native, id=11016, stack(0x00000088fc200000,0x00000088fc300000)]
  0x000001b571ec8800 JavaThread "C2 CompilerThread1" daemon [_thread_in_native, id=17780, stack(0x00000088fc100000,0x00000088fc200000)]
  0x000001b571ec8000 JavaThread "C2 CompilerThread0" daemon [_thread_in_native, id=9924, stack(0x00000088fc000000,0x00000088fc100000)]
  0x000001b571ec3000 JavaThread "Attach Listener" daemon [_thread_blocked, id=8256, stack(0x00000088fbf00000,0x00000088fc000000)]
  0x000001b571eac000 JavaThread "Signal Dispatcher" daemon [_thread_blocked, id=17404, stack(0x00000088fbe00000,0x00000088fbf00000)]
  0x000001b571eb8000 JavaThread "Finalizer" daemon [_thread_blocked, id=18960, stack(0x00000088fbd00000,0x00000088fbe00000)]
  0x000001b571ea3000 JavaThread "Reference Handler" daemon [_thread_blocked, id=21140, stack(0x00000088fbc00000,0x00000088fbd00000)]
  0x000001b551cc0800 JavaThread "main" [_thread_in_Java, id=10908, stack(0x00000088fa600000,0x00000088fa700000)]

Other Threads:
  0x000001b571e7a800 VMThread "VM Thread" [stack: 0x00000088fbb00000,0x00000088fbc00000] [id=20136]
  0x000001b572282800 WatcherThread [stack: 0x00000088fc700000,0x00000088fc800000] [id=12156]
  0x000001b551cd9000 GCTaskThread "GC Thread#0" [stack: 0x00000088fa700000,0x00000088fa800000] [id=3532]
  0x000001b551cda000 GCTaskThread "GC Thread#1" [stack: 0x00000088fa800000,0x00000088fa900000] [id=19220]
  0x000001b551cdd000 GCTaskThread "GC Thread#2" [stack: 0x00000088fa900000,0x00000088faa00000] [id=22356]
  0x000001b551cdf800 GCTaskThread "GC Thread#3" [stack: 0x00000088faa00000,0x00000088fab00000] [id=11696]
  0x000001b551ce9000 GCTaskThread "GC Thread#4" [stack: 0x00000088fab00000,0x00000088fac00000] [id=21488]
  0x000001b551ceb800 GCTaskThread "GC Thread#5" [stack: 0x00000088fac00000,0x00000088fad00000] [id=14340]
  0x000001b551ceb000 GCTaskThread "GC Thread#6" [stack: 0x00000088fad00000,0x00000088fae00000] [id=12380]
  0x000001b551ce8800 GCTaskThread "GC Thread#7" [stack: 0x00000088fae00000,0x00000088faf00000] [id=23736]
  0x000001b551d39000 ConcurrentGCThread "G1 Main Marker" [stack: 0x00000088fb800000,0x00000088fb900000] [id=21796]
  0x000001b551ce6000 ConcurrentGCThread "G1 Marker#0" [stack: 0x00000088fb900000,0x00000088fba00000] [id=15584]
  0x000001b551cec800 ConcurrentGCThread "G1 Marker#1" [stack: 0x00000088fba00000,0x00000088fbb00000] [id=15420]
  0x000001b551d08800 ConcurrentGCThread "G1 Refine#0" [stack: 0x00000088fb600000,0x00000088fb700000] [id=13732]
  0x000001b551d07800 ConcurrentGCThread "G1 Refine#1" [stack: 0x00000088fb500000,0x00000088fb600000] [id=24920]
  0x000001b551cfe800 ConcurrentGCThread "G1 Refine#2" [stack: 0x00000088fb400000,0x00000088fb500000] [id=9664]
  0x000001b551cfd800 ConcurrentGCThread "G1 Refine#3" [stack: 0x00000088fb300000,0x00000088fb400000] [id=5396]
  0x000001b551cfc800 ConcurrentGCThread "G1 Refine#4" [stack: 0x00000088fb200000,0x00000088fb300000] [id=4024]
  0x000001b551cfa800 ConcurrentGCThread "G1 Refine#5" [stack: 0x00000088fb100000,0x00000088fb200000] [id=11844]
  0x000001b551cf7800 ConcurrentGCThread "G1 Refine#6" [stack: 0x00000088fb000000,0x00000088fb100000] [id=19816]
  0x000001b551cf6800 ConcurrentGCThread "G1 Refine#7" [stack: 0x00000088faf00000,0x00000088fb000000] [id=23852]
  0x000001b551d16000 ConcurrentGCThread "G1 Young RemSet Sampling" [stack: 0x00000088fb700000,0x00000088fb800000] [id=17364]

Threads with active compile tasks:
C2 CompilerThread21976       4       java.lang.invoke.MethodType::makeImpl (66 bytes)
C2 CompilerThread12023   !   4       java.util.zip.InflaterInputStream::read (138 bytes)
C2 CompilerThread02030       4       java.net.URLStreamHandler::parseURL (1201 bytes)

VM state:not at safepoint (normal execution)

VM Mutex/Monitor currently owned by a thread: None

Heap address: 0x0000000081600000, size: 2026 MB, Compressed Oops mode: 32-bit
Narrow klass base: 0x0000000000000000, Narrow klass shift: 3
Compressed class space size: 1073741824 Address: 0x0000000100000000

Heap:
 garbage-first heap   total 131072K, used 82775K [0x0000000081600000, 0x0000000081700400, 0x0000000100000000)
  region size 1024K, 74 young (75776K), 5 survivors (5120K)
 Metaspace       used 24135K, capacity 25154K, committed 25216K, reserved 1073152K
  class space    used 2971K, capacity 3191K, committed 3200K, reserved 1048576K
Heap Regions: E=young(eden), S=young(survivor), O=old, HS=humongous(starts), HC=humongous(continues), CS=collection set, F=free, A=archive, TS=gc time stamp, AC=allocation context, TAMS=top-at-mark-start (previous, next)
|   0|0x0000000081600000, 0x0000000081700000, 0x0000000081700000|100%|HS|  |TS  0|AC  0|TAMS 0x0000000081700000, 0x0000000081700000|
|   1|0x0000000081700000, 0x0000000081800000, 0x0000000081800000|100%| O|  |TS  0|AC  0|TAMS 0x0000000081800000, 0x0000000081800000|
|   2|0x0000000081800000, 0x0000000081900000, 0x0000000081900000|100%| O|  |TS  0|AC  0|TAMS 0x0000000081900000, 0x0000000081900000|
|   3|0x0000000081900000, 0x0000000081a00000, 0x0000000081a00000|100%| O|  |TS  0|AC  0|TAMS 0x0000000081a00000, 0x0000000081a00000|
|   4|0x0000000081a00000, 0x0000000081b00000, 0x0000000081b00000|100%| O|  |TS  0|AC  0|TAMS 0x0000000081b00000, 0x0000000081b00000|
|   5|0x0000000081b00000, 0x0000000081c00000, 0x0000000081c00000|100%| O|  |TS  0|AC  0|TAMS 0x0000000081c00000, 0x0000000081c00000|
|   6|0x0000000081c00000, 0x0000000081d00000, 0x0000000081d00000|100%| O|  |TS  0|AC  0|TAMS 0x0000000081d00000, 0x0000000081d00000|
|   7|0x0000000081d00000, 0x0000000081df6c00, 0x0000000081e00000| 96%| O|  |TS  0|AC  0|TAMS 0x0000000081df6c00, 0x0000000081df6c00|
|   8|0x0000000081e00000, 0x0000000081e00000, 0x0000000081f00000|  0%| F|  |TS  0|AC  0|TAMS 0x0000000081e00000, 0x0000000081e00000|
|   9|0x0000000081f00000, 0x0000000081f00000, 0x0000000082000000|  0%| F|  |TS  0|AC  0|TAMS 0x0000000081f00000, 0x0000000081f00000|
|  10|0x0000000082000000, 0x0000000082000000, 0x0000000082100000|  0%| F|  |TS  0|AC  0|TAMS 0x0000000082000000, 0x0000000082000000|
|  11|0x0000000082100000, 0x0000000082100000, 0x0000000082200000|  0%| F|  |TS  0|AC  0|TAMS 0x0000000082100000, 0x0000000082100000|
|  12|0x0000000082200000, 0x0000000082200000, 0x0000000082300000|  0%| F|  |TS  0|AC  0|TAMS 0x0000000082200000, 0x0000000082200000|
|  13|0x0000000082300000, 0x0000000082300000, 0x0000000082400000|  0%| F|  |TS  0|AC  0|TAMS 0x0000000082300000, 0x0000000082300000|
|  14|0x0000000082400000, 0x0000000082400000, 0x0000000082500000|  0%| F|  |TS  0|AC  0|TAMS 0x0000000082400000, 0x0000000082400000|
|  15|0x0000000082500000, 0x0000000082500000, 0x0000000082600000|  0%| F|  |TS  0|AC  0|TAMS 0x0000000082500000, 0x0000000082500000|
|  16|0x0000000082600000, 0x0000000082600000, 0x0000000082700000|  0%| F|  |TS  0|AC  0|TAMS 0x0000000082600000, 0x0000000082600000|
|  17|0x0000000082700000, 0x0000000082700000, 0x0000000082800000|  0%| F|  |TS  0|AC  0|TAMS 0x0000000082700000, 0x0000000082700000|
|  18|0x0000000082800000, 0x0000000082800000, 0x0000000082900000|  0%| F|  |TS  0|AC  0|TAMS 0x0000000082800000, 0x0000000082800000|
|  19|0x0000000082900000, 0x0000000082900000, 0x0000000082a00000|  0%| F|  |TS  0|AC  0|TAMS 0x0000000082900000, 0x0000000082900000|
|  20|0x0000000082a00000, 0x0000000082a00000, 0x0000000082b00000|  0%| F|  |TS  0|AC  0|TAMS 0x0000000082a00000, 0x0000000082a00000|
|  21|0x0000000082b00000, 0x0000000082b00000, 0x0000000082c00000|  0%| F|  |TS  0|AC  0|TAMS 0x0000000082b00000, 0x0000000082b00000|
|  22|0x0000000082c00000, 0x0000000082c00000, 0x0000000082d00000|  0%| F|  |TS  0|AC  0|TAMS 0x0000000082c00000, 0x0000000082c00000|
|  23|0x0000000082d00000, 0x0000000082d00000, 0x0000000082e00000|  0%| F|  |TS  0|AC  0|TAMS 0x0000000082d00000, 0x0000000082d00000|
|  24|0x0000000082e00000, 0x0000000082e00000, 0x0000000082f00000|  0%| F|  |TS  0|AC  0|TAMS 0x0000000082e00000, 0x0000000082e00000|
|  25|0x0000000082f00000, 0x0000000082f00000, 0x0000000083000000|  0%| F|  |TS  0|AC  0|TAMS 0x0000000082f00000, 0x0000000082f00000|
|  26|0x0000000083000000, 0x0000000083000000, 0x0000000083100000|  0%| F|  |TS  0|AC  0|TAMS 0x0000000083000000, 0x0000000083000000|
|  27|0x0000000083100000, 0x0000000083100000, 0x0000000083200000|  0%| F|  |TS  0|AC  0|TAMS 0x0000000083100000, 0x0000000083100000|
|  28|0x0000000083200000, 0x0000000083200000, 0x0000000083300000|  0%| F|  |TS  0|AC  0|TAMS 0x0000000083200000, 0x0000000083200000|
|  29|0x0000000083300000, 0x0000000083300000, 0x0000000083400000|  0%| F|  |TS  0|AC  0|TAMS 0x0000000083300000, 0x0000000083300000|
|  30|0x0000000083400000, 0x0000000083400000, 0x0000000083500000|  0%| F|  |TS  0|AC  0|TAMS 0x0000000083400000, 0x0000000083400000|
|  31|0x0000000083500000, 0x0000000083500000, 0x0000000083600000|  0%| F|  |TS  0|AC  0|TAMS 0x0000000083500000, 0x0000000083500000|
|  32|0x0000000083600000, 0x0000000083600000, 0x0000000083700000|  0%| F|  |TS  0|AC  0|TAMS 0x0000000083600000, 0x0000000083600000|
|  33|0x0000000083700000, 0x0000000083700000, 0x0000000083800000|  0%| F|  |TS  0|AC  0|TAMS 0x0000000083700000, 0x0000000083700000|
|  34|0x0000000083800000, 0x0000000083800000, 0x0000000083900000|  0%| F|  |TS  0|AC  0|TAMS 0x0000000083800000, 0x0000000083800000|
|  35|0x0000000083900000, 0x0000000083900000, 0x0000000083a00000|  0%| F|  |TS  0|AC  0|TAMS 0x0000000083900000, 0x0000000083900000|
|  36|0x0000000083a00000, 0x0000000083a00000, 0x0000000083b00000|  0%| F|  |TS  0|AC  0|TAMS 0x0000000083a00000, 0x0000000083a00000|
|  37|0x0000000083b00000, 0x0000000083b00000, 0x0000000083c00000|  0%| F|  |TS  0|AC  0|TAMS 0x0000000083b00000, 0x0000000083b00000|
|  38|0x0000000083c00000, 0x0000000083c00000, 0x0000000083d00000|  0%| F|  |TS  0|AC  0|TAMS 0x0000000083c00000, 0x0000000083c00000|
|  39|0x0000000083d00000, 0x0000000083d00000, 0x0000000083e00000|  0%| F|  |TS  0|AC  0|TAMS 0x0000000083d00000, 0x0000000083d00000|
|  40|0x0000000083e00000, 0x0000000083e00000, 0x0000000083f00000|  0%| F|  |TS  0|AC  0|TAMS 0x0000000083e00000, 0x0000000083e00000|
|  41|0x0000000083f00000, 0x0000000083f00000, 0x0000000084000000|  0%| F|  |TS  0|AC  0|TAMS 0x0000000083f00000, 0x0000000083f00000|
|  42|0x0000000084000000, 0x0000000084000000, 0x0000000084100000|  0%| F|  |TS  0|AC  0|TAMS 0x0000000084000000, 0x0000000084000000|
|  43|0x0000000084100000, 0x0000000084100000, 0x0000000084200000|  0%| F|  |TS  0|AC  0|TAMS 0x0000000084100000, 0x0000000084100000|
|  44|0x0000000084200000, 0x0000000084200000, 0x0000000084300000|  0%| F|  |TS  0|AC  0|TAMS 0x0000000084200000, 0x0000000084200000|
|  45|0x0000000084300000, 0x0000000084300000, 0x0000000084400000|  0%| F|  |TS  0|AC  0|TAMS 0x0000000084300000, 0x0000000084300000|
|  46|0x0000000084400000, 0x0000000084400000, 0x0000000084500000|  0%| F|  |TS  0|AC  0|TAMS 0x0000000084400000, 0x0000000084400000|
|  47|0x0000000084500000, 0x0000000084500000, 0x0000000084600000|  0%| F|  |TS  0|AC  0|TAMS 0x0000000084500000, 0x0000000084500000|
|  48|0x0000000084600000, 0x0000000084600000, 0x0000000084700000|  0%| F|  |TS  0|AC  0|TAMS 0x0000000084600000, 0x0000000084600000|
|  49|0x0000000084700000, 0x0000000084700000, 0x0000000084800000|  0%| F|  |TS  0|AC  0|TAMS 0x0000000084700000, 0x0000000084700000|
|  50|0x0000000084800000, 0x0000000084800000, 0x0000000084900000|  0%| F|  |TS  0|AC  0|TAMS 0x0000000084800000, 0x0000000084800000|
|  51|0x0000000084900000, 0x0000000084900000, 0x0000000084a00000|  0%| F|  |TS  0|AC  0|TAMS 0x0000000084900000, 0x0000000084900000|
|  52|0x0000000084a00000, 0x0000000084a00000, 0x0000000084b00000|  0%| F|  |TS  0|AC  0|TAMS 0x0000000084a00000, 0x0000000084a00000|
|  53|0x0000000084b00000, 0x0000000084b00000, 0x0000000084c00000|  0%| F|  |TS  0|AC  0|TAMS 0x0000000084b00000, 0x0000000084b00000|
|  54|0x0000000084c00000, 0x0000000084d00000, 0x0000000084d00000|100%| E|  |TS  0|AC  0|TAMS 0x0000000084c00000, 0x0000000084c00000|
|  55|0x0000000084d00000, 0x0000000084e00000, 0x0000000084e00000|100%| E|CS|TS  0|AC  0|TAMS 0x0000000084d00000, 0x0000000084d00000|
|  56|0x0000000084e00000, 0x0000000084f00000, 0x0000000084f00000|100%| E|CS|TS  0|AC  0|TAMS 0x0000000084e00000, 0x0000000084e00000|
|  57|0x0000000084f00000, 0x0000000085000000, 0x0000000085000000|100%| E|CS|TS  0|AC  0|TAMS 0x0000000084f00000, 0x0000000084f00000|
|  58|0x0000000085000000, 0x0000000085100000, 0x0000000085100000|100%| E|CS|TS  0|AC  0|TAMS 0x0000000085000000, 0x0000000085000000|
|  59|0x0000000085100000, 0x0000000085200000, 0x0000000085200000|100%| E|CS|TS  0|AC  0|TAMS 0x0000000085100000, 0x0000000085100000|
|  60|0x0000000085200000, 0x0000000085300000, 0x0000000085300000|100%| E|CS|TS  0|AC  0|TAMS 0x0000000085200000, 0x0000000085200000|
|  61|0x0000000085300000, 0x0000000085400000, 0x0000000085400000|100%| E|CS|TS  0|AC  0|TAMS 0x0000000085300000, 0x0000000085300000|
|  62|0x0000000085400000, 0x0000000085500000, 0x0000000085500000|100%| E|CS|TS  0|AC  0|TAMS 0x0000000085400000, 0x0000000085400000|
|  63|0x0000000085500000, 0x0000000085600000, 0x0000000085600000|100%| E|CS|TS  0|AC  0|TAMS 0x0000000085500000, 0x0000000085500000|
|  64|0x0000000085600000, 0x0000000085700000, 0x0000000085700000|100%| E|CS|TS  0|AC  0|TAMS 0x0000000085600000, 0x0000000085600000|
|  65|0x0000000085700000, 0x0000000085800000, 0x0000000085800000|100%| E|CS|TS  0|AC  0|TAMS 0x0000000085700000, 0x0000000085700000|
|  66|0x0000000085800000, 0x0000000085900000, 0x0000000085900000|100%| E|CS|TS  0|AC  0|TAMS 0x0000000085800000, 0x0000000085800000|
|  67|0x0000000085900000, 0x0000000085a00000, 0x0000000085a00000|100%| E|CS|TS  0|AC  0|TAMS 0x0000000085900000, 0x0000000085900000|
|  68|0x0000000085a00000, 0x0000000085b00000, 0x0000000085b00000|100%| E|CS|TS  0|AC  0|TAMS 0x0000000085a00000, 0x0000000085a00000|
|  69|0x0000000085b00000, 0x0000000085c00000, 0x0000000085c00000|100%| E|CS|TS  0|AC  0|TAMS 0x0000000085b00000, 0x0000000085b00000|
|  70|0x0000000085c00000, 0x0000000085d00000, 0x0000000085d00000|100%| E|CS|TS  0|AC  0|TAMS 0x0000000085c00000, 0x0000000085c00000|
|  71|0x0000000085d00000, 0x0000000085e00000, 0x0000000085e00000|100%| E|CS|TS  0|AC  0|TAMS 0x0000000085d00000, 0x0000000085d00000|
|  72|0x0000000085e00000, 0x0000000085f00000, 0x0000000085f00000|100%| E|CS|TS  0|AC  0|TAMS 0x0000000085e00000, 0x0000000085e00000|
|  73|0x0000000085f00000, 0x0000000086000000, 0x0000000086000000|100%| E|CS|TS  0|AC  0|TAMS 0x0000000085f00000, 0x0000000085f00000|
|  74|0x0000000086000000, 0x0000000086100000, 0x0000000086100000|100%| E|CS|TS  0|AC  0|TAMS 0x0000000086000000, 0x0000000086000000|
|  75|0x0000000086100000, 0x0000000086200000, 0x0000000086200000|100%| E|CS|TS  0|AC  0|TAMS 0x0000000086100000, 0x0000000086100000|
|  76|0x0000000086200000, 0x0000000086300000, 0x0000000086300000|100%| E|CS|TS  0|AC  0|TAMS 0x0000000086200000, 0x0000000086200000|
|  77|0x0000000086300000, 0x0000000086400000, 0x0000000086400000|100%| E|CS|TS  0|AC  0|TAMS 0x0000000086300000, 0x0000000086300000|
|  78|0x0000000086400000, 0x0000000086500000, 0x0000000086500000|100%| E|CS|TS  0|AC  0|TAMS 0x0000000086400000, 0x0000000086400000|
|  79|0x0000000086500000, 0x0000000086600000, 0x0000000086600000|100%| E|CS|TS  0|AC  0|TAMS 0x0000000086500000, 0x0000000086500000|
|  80|0x0000000086600000, 0x0000000086700000, 0x0000000086700000|100%| E|CS|TS  0|AC  0|TAMS 0x0000000086600000, 0x0000000086600000|
|  81|0x0000000086700000, 0x0000000086800000, 0x0000000086800000|100%| E|CS|TS  0|AC  0|TAMS 0x0000000086700000, 0x0000000086700000|
|  82|0x0000000086800000, 0x0000000086900000, 0x0000000086900000|100%| E|CS|TS  0|AC  0|TAMS 0x0000000086800000, 0x0000000086800000|
|  83|0x0000000086900000, 0x0000000086a00000, 0x0000000086a00000|100%| E|CS|TS  0|AC  0|TAMS 0x0000000086900000, 0x0000000086900000|
|  84|0x0000000086a00000, 0x0000000086b00000, 0x0000000086b00000|100%| E|CS|TS  0|AC  0|TAMS 0x0000000086a00000, 0x0000000086a00000|
|  85|0x0000000086b00000, 0x0000000086c00000, 0x0000000086c00000|100%| E|CS|TS  0|AC  0|TAMS 0x0000000086b00000, 0x0000000086b00000|
|  86|0x0000000086c00000, 0x0000000086d00000, 0x0000000086d00000|100%| E|CS|TS  0|AC  0|TAMS 0x0000000086c00000, 0x0000000086c00000|
|  87|0x0000000086d00000, 0x0000000086e00000, 0x0000000086e00000|100%| E|CS|TS  0|AC  0|TAMS 0x0000000086d00000, 0x0000000086d00000|
|  88|0x0000000086e00000, 0x0000000086f00000, 0x0000000086f00000|100%| E|CS|TS  0|AC  0|TAMS 0x0000000086e00000, 0x0000000086e00000|
|  89|0x0000000086f00000, 0x0000000087000000, 0x0000000087000000|100%| E|CS|TS  0|AC  0|TAMS 0x0000000086f00000, 0x0000000086f00000|
|  90|0x0000000087000000, 0x0000000087100000, 0x0000000087100000|100%| E|CS|TS  0|AC  0|TAMS 0x0000000087000000, 0x0000000087000000|
|  91|0x0000000087100000, 0x0000000087200000, 0x0000000087200000|100%| E|CS|TS  0|AC  0|TAMS 0x0000000087100000, 0x0000000087100000|
|  92|0x0000000087200000, 0x0000000087300000, 0x0000000087300000|100%| E|CS|TS  0|AC  0|TAMS 0x0000000087200000, 0x0000000087200000|
|  93|0x0000000087300000, 0x0000000087400000, 0x0000000087400000|100%| E|CS|TS  0|AC  0|TAMS 0x0000000087300000, 0x0000000087300000|
|  94|0x0000000087400000, 0x0000000087500000, 0x0000000087500000|100%| E|CS|TS  0|AC  0|TAMS 0x0000000087400000, 0x0000000087400000|
|  95|0x0000000087500000, 0x0000000087600000, 0x0000000087600000|100%| E|CS|TS  0|AC  0|TAMS 0x0000000087500000, 0x0000000087500000|
|  96|0x0000000087600000, 0x0000000087700000, 0x0000000087700000|100%| E|CS|TS  0|AC  0|TAMS 0x0000000087600000, 0x0000000087600000|
|  97|0x0000000087700000, 0x0000000087800000, 0x0000000087800000|100%| E|CS|TS  0|AC  0|TAMS 0x0000000087700000, 0x0000000087700000|
|  98|0x0000000087800000, 0x0000000087900000, 0x0000000087900000|100%| E|CS|TS  0|AC  0|TAMS 0x0000000087800000, 0x0000000087800000|
|  99|0x0000000087900000, 0x0000000087a00000, 0x0000000087a00000|100%| E|CS|TS  0|AC  0|TAMS 0x0000000087900000, 0x0000000087900000|
| 100|0x0000000087a00000, 0x0000000087b00000, 0x0000000087b00000|100%| E|CS|TS  0|AC  0|TAMS 0x0000000087a00000, 0x0000000087a00000|
| 101|0x0000000087b00000, 0x0000000087bdf338, 0x0000000087c00000| 87%| S|CS|TS  0|AC  0|TAMS 0x0000000087b00000, 0x0000000087b00000|
| 102|0x0000000087c00000, 0x0000000087d00000, 0x0000000087d00000|100%| S|CS|TS  0|AC  0|TAMS 0x0000000087c00000, 0x0000000087c00000|
| 103|0x0000000087d00000, 0x0000000087e00000, 0x0000000087e00000|100%| S|CS|TS  0|AC  0|TAMS 0x0000000087d00000, 0x0000000087d00000|
| 104|0x0000000087e00000, 0x0000000087f00000, 0x0000000087f00000|100%| S|CS|TS  0|AC  0|TAMS 0x0000000087e00000, 0x0000000087e00000|
| 105|0x0000000087f00000, 0x0000000088000000, 0x0000000088000000|100%| S|CS|TS  0|AC  0|TAMS 0x0000000087f00000, 0x0000000087f00000|
| 106|0x0000000088000000, 0x0000000088100000, 0x0000000088100000|100%| E|CS|TS  0|AC  0|TAMS 0x0000000088000000, 0x0000000088000000|
| 107|0x0000000088100000, 0x0000000088200000, 0x0000000088200000|100%| E|CS|TS  0|AC  0|TAMS 0x0000000088100000, 0x0000000088100000|
| 108|0x0000000088200000, 0x0000000088300000, 0x0000000088300000|100%| E|CS|TS  0|AC  0|TAMS 0x0000000088200000, 0x0000000088200000|
| 109|0x0000000088300000, 0x0000000088400000, 0x0000000088400000|100%| E|CS|TS  0|AC  0|TAMS 0x0000000088300000, 0x0000000088300000|
| 110|0x0000000088400000, 0x0000000088500000, 0x0000000088500000|100%| E|CS|TS  0|AC  0|TAMS 0x0000000088400000, 0x0000000088400000|
| 111|0x0000000088500000, 0x0000000088600000, 0x0000000088600000|100%| E|CS|TS  0|AC  0|TAMS 0x0000000088500000, 0x0000000088500000|
| 112|0x0000000088600000, 0x0000000088700000, 0x0000000088700000|100%| E|CS|TS  0|AC  0|TAMS 0x0000000088600000, 0x0000000088600000|
| 113|0x0000000088700000, 0x0000000088800000, 0x0000000088800000|100%| E|CS|TS  0|AC  0|TAMS 0x0000000088700000, 0x0000000088700000|
| 114|0x0000000088800000, 0x0000000088900000, 0x0000000088900000|100%| E|CS|TS  0|AC  0|TAMS 0x0000000088800000, 0x0000000088800000|
| 115|0x0000000088900000, 0x0000000088a00000, 0x0000000088a00000|100%| E|CS|TS  0|AC  0|TAMS 0x0000000088900000, 0x0000000088900000|
| 116|0x0000000088a00000, 0x0000000088b00000, 0x0000000088b00000|100%| E|CS|TS  0|AC  0|TAMS 0x0000000088a00000, 0x0000000088a00000|
| 117|0x0000000088b00000, 0x0000000088c00000, 0x0000000088c00000|100%| E|CS|TS  0|AC  0|TAMS 0x0000000088b00000, 0x0000000088b00000|
| 118|0x0000000088c00000, 0x0000000088d00000, 0x0000000088d00000|100%| E|CS|TS  0|AC  0|TAMS 0x0000000088c00000, 0x0000000088c00000|
| 119|0x0000000088d00000, 0x0000000088e00000, 0x0000000088e00000|100%| E|CS|TS  0|AC  0|TAMS 0x0000000088d00000, 0x0000000088d00000|
| 120|0x0000000088e00000, 0x0000000088f00000, 0x0000000088f00000|100%| E|CS|TS  0|AC  0|TAMS 0x0000000088e00000, 0x0000000088e00000|
| 121|0x0000000088f00000, 0x0000000089000000, 0x0000000089000000|100%| E|CS|TS  0|AC  0|TAMS 0x0000000088f00000, 0x0000000088f00000|
| 122|0x0000000089000000, 0x0000000089100000, 0x0000000089100000|100%| E|CS|TS  0|AC  0|TAMS 0x0000000089000000, 0x0000000089000000|
| 123|0x0000000089100000, 0x0000000089200000, 0x0000000089200000|100%| E|CS|TS  0|AC  0|TAMS 0x0000000089100000, 0x0000000089100000|
| 124|0x0000000089200000, 0x0000000089300000, 0x0000000089300000|100%| E|CS|TS  0|AC  0|TAMS 0x0000000089200000, 0x0000000089200000|
| 125|0x0000000089300000, 0x0000000089400000, 0x0000000089400000|100%| E|CS|TS  0|AC  0|TAMS 0x0000000089300000, 0x0000000089300000|
| 126|0x0000000089400000, 0x0000000089500000, 0x0000000089500000|100%| E|CS|TS  0|AC  0|TAMS 0x0000000089400000, 0x0000000089400000|
| 127|0x0000000089500000, 0x0000000089600000, 0x0000000089600000|100%| E|CS|TS  0|AC  0|TAMS 0x0000000089500000, 0x0000000089500000|

Card table byte_map: [0x000001b56a440000,0x000001b56a840000] byte_map_base: 0x000001b56a035000

Marking Bits (Prev, Next): (CMBitMap*) 0x000001b551d38578, (CMBitMap*) 0x000001b551d38540
 Prev Bits: [0x000001b56cbf0000, 0x000001b56eb98000)
 Next Bits: [0x000001b56ac40000, 0x000001b56cbe8000)

Polling page: 0x000001b551e40000

CodeHeap 'non-profiled nmethods': size=120000Kb used=880Kb max_used=880Kb free=119120Kb
 bounds [0x000001b561cb0000, 0x000001b561f20000, 0x000001b5691e0000]
CodeHeap 'profiled nmethods': size=120000Kb used=4104Kb max_used=4104Kb free=115895Kb
 bounds [0x000001b55a780000, 0x000001b55ab90000, 0x000001b561cb0000]
CodeHeap 'non-nmethods': size=5760Kb used=1262Kb max_used=1289Kb free=4497Kb
 bounds [0x000001b55a1e0000, 0x000001b55a450000, 0x000001b55a780000]
 total_blobs=2929 nmethods=2028 adapters=349
 compilation: enabled

Compilation events (10 events):
Event: 1.291 Thread 0x000001b571ec8000 2021       4       java.lang.StringLatin1::toUpperCase (180 bytes)
Event: 1.292 Thread 0x000001b571ed0800 2022       3       java.util.Arrays$ArrayItr::next (36 bytes)
Event: 1.292 Thread 0x000001b571ec8800 2023   !   4       java.util.zip.InflaterInputStream::read (138 bytes)
Event: 1.292 Thread 0x000001b571ed0800 nmethod 2022 0x000001b55ab7f090 code [0x000001b55ab7f260, 0x000001b55ab7f4f0]
Event: 1.298 Thread 0x000001b571ed0800 2024       3       sun.nio.fs.WindowsPath::elementAsString (62 bytes)
Event: 1.299 Thread 0x000001b571ed0800 nmethod 2024 0x000001b55ab7f610 code [0x000001b55ab7f800, 0x000001b55ab7fdd0]
Event: 1.310 Thread 0x000001b571ed0800 2026       3       jdk.internal.org.objectweb.asm.Frame::push (34 bytes)
Event: 1.310 Thread 0x000001b571ec8000 nmethod 2021 0x000001b561d8ad90 code [0x000001b561d8af60, 0x000001b561d8b718]
Event: 1.311 Thread 0x000001b571ed0800 nmethod 2026 0x000001b55ab80010 code [0x000001b55ab801e0, 0x000001b55ab804b0]
Event: 1.311 Thread 0x000001b571ed0800 2027       3       java.lang.invoke.DirectMethodHandle$Holder::invokeStatic (24 bytes)

GC Heap History (8 events):
Event: 0.519 GC heap before
{Heap before GC invocations=0 (full 0):
 garbage-first heap   total 131072K, used 25600K [0x0000000081600000, 0x0000000081700400, 0x0000000100000000)
  region size 1024K, 24 young (24576K), 0 survivors (0K)
 Metaspace       used 9116K, capacity 9294K, committed 9600K, reserved 1058816K
  class space    used 955K, capacity 1027K, committed 1152K, reserved 1048576K
}
Event: 0.524 GC heap after
{Heap after GC invocations=1 (full 0):
 garbage-first heap   total 131072K, used 8036K [0x0000000081600000, 0x0000000081700400, 0x0000000100000000)
  region size 1024K, 3 young (3072K), 3 survivors (3072K)
 Metaspace       used 9116K, capacity 9294K, committed 9600K, reserved 1058816K
  class space    used 955K, capacity 1027K, committed 1152K, reserved 1048576K
}
Event: 0.695 GC heap before
{Heap before GC invocations=1 (full 0):
 garbage-first heap   total 131072K, used 28516K [0x0000000081600000, 0x0000000081700400, 0x0000000100000000)
  region size 1024K, 23 young (23552K), 3 survivors (3072K)
 Metaspace       used 12910K, capacity 13380K, committed 13568K, reserved 1060864K
  class space    used 1411K, capacity 1506K, committed 1536K, reserved 1048576K
}
Event: 0.699 GC heap after
{Heap after GC invocations=2 (full 0):
 garbage-first heap   total 131072K, used 10473K [0x0000000081600000, 0x0000000081700400, 0x0000000100000000)
  region size 1024K, 3 young (3072K), 3 survivors (3072K)
 Metaspace       used 12910K, capacity 13380K, committed 13568K, reserved 1060864K
  class space    used 1411K, capacity 1506K, committed 1536K, reserved 1048576K
}
Event: 0.936 GC heap before
{Heap before GC invocations=2 (full 0):
 garbage-first heap   total 131072K, used 60649K [0x0000000081600000, 0x0000000081700400, 0x0000000100000000)
  region size 1024K, 52 young (53248K), 3 survivors (3072K)
 Metaspace       used 17344K, capacity 18050K, committed 18304K, reserved 1064960K
  class space    used 2141K, capacity 2311K, committed 2432K, reserved 1048576K
}
Event: 0.942 GC heap after
{Heap after GC invocations=3 (full 0):
 garbage-first heap   total 131072K, used 13438K [0x0000000081600000, 0x0000000081700400, 0x0000000100000000)
  region size 1024K, 6 young (6144K), 6 survivors (6144K)
 Metaspace       used 17344K, capacity 18050K, committed 18304K, reserved 1064960K
  class space    used 2141K, capacity 2311K, committed 2432K, reserved 1048576K
}
Event: 1.118 GC heap before
{Heap before GC invocations=3 (full 0):
 garbage-first heap   total 131072K, used 34942K [0x0000000081600000, 0x0000000081700400, 0x0000000100000000)
  region size 1024K, 28 young (28672K), 6 survivors (6144K)
 Metaspace       used 20233K, capacity 21144K, committed 21248K, reserved 1067008K
  class space    used 2504K, capacity 2718K, committed 2816K, reserved 1048576K
}
Event: 1.123 GC heap after
{Heap after GC invocations=4 (full 0):
 garbage-first heap   total 131072K, used 13143K [0x0000000081600000, 0x0000000081700400, 0x0000000100000000)
  region size 1024K, 5 young (5120K), 5 survivors (5120K)
 Metaspace       used 20233K, capacity 21144K, committed 21248K, reserved 1067008K
  class space    used 2504K, capacity 2718K, committed 2816K, reserved 1048576K
}

Deoptimization events (10 events):
Event: 0.970 Thread 0x000001b551cc0800 Uncommon trap: reason=unstable_if action=reinterpret pc=0x000001b561d12d60 method=java.io.WinNTFileSystem.normalize(Ljava/lang/String;II)Ljava/lang/String; @ 87 c2
Event: 1.004 Thread 0x000001b551cc0800 Uncommon trap: reason=class_check action=maybe_recompile pc=0x000001b561cbb154 method=java.lang.String.equals(Ljava/lang/Object;)Z @ 8 c2
Event: 1.028 Thread 0x000001b551cc0800 Uncommon trap: reason=unstable_if action=reinterpret pc=0x000001b561cc1728 method=java.util.HashMap.hash(Ljava/lang/Object;)I @ 1 c2
Event: 1.042 Thread 0x000001b551cc0800 Uncommon trap: reason=class_check action=maybe_recompile pc=0x000001b561cbb154 method=java.lang.String.equals(Ljava/lang/Object;)Z @ 8 c2
Event: 1.042 Thread 0x000001b551cc0800 Uncommon trap: reason=class_check action=maybe_recompile pc=0x000001b561cbb154 method=java.lang.String.equals(Ljava/lang/Object;)Z @ 8 c2
Event: 1.042 Thread 0x000001b551cc0800 Uncommon trap: reason=class_check action=maybe_recompile pc=0x000001b561cbb154 method=java.lang.String.equals(Ljava/lang/Object;)Z @ 8 c2
Event: 1.094 Thread 0x000001b551cc0800 Uncommon trap: reason=unstable_if action=reinterpret pc=0x000001b561d280bc method=java.util.concurrent.ConcurrentHashMap.putVal(Ljava/lang/Object;Ljava/lang/Object;Z)Ljava/lang/Object; @ 231 c2
Event: 1.182 Thread 0x000001b551cc0800 Uncommon trap: reason=unstable_if action=reinterpret pc=0x000001b561cd3f20 method=java.util.zip.ZipFile$Source.getEntryPos([BZ)I @ 157 c2
Event: 1.280 Thread 0x000001b5727b6000 Uncommon trap: reason=unstable_if action=reinterpret pc=0x000001b561d1ac30 method=jdk.internal.org.objectweb.asm.Type.getArgumentsAndReturnSizes(Ljava/lang/String;)I @ 47 c2
Event: 1.281 Thread 0x000001b5727b6000 Uncommon trap: reason=unstable_if action=reinterpret pc=0x000001b561d7a758 method=jdk.internal.org.objectweb.asm.Frame.push(Ljdk/internal/org/objectweb/asm/ClassWriter;Ljava/lang/String;)V @ 18 c2

Classes redefined (0 events):
No events

Internal exceptions (10 events):
Event: 1.162 Thread 0x000001b551cc0800 Exception <a 'java/lang/ClassNotFoundException'{0x000000008906b6b0}: org/springframework/beans/factory/AwareCustomizer> (0x000000008906b6b0) thrown at [t:/workspace/hotspot/src/share/vm/classfile/systemDictionary.cpp, line 218]
Event: 1.162 Thread 0x000001b551cc0800 Exception <a 'java/lang/ClassNotFoundException'{0x0000000088f05650}: org/springframework/context/EnvironmentAwareCustomizer> (0x0000000088f05650) thrown at [t:/workspace/hotspot/src/share/vm/classfile/systemDictionary.cpp, line 218]
Event: 1.163 Thread 0x000001b551cc0800 Exception <a 'java/lang/ClassNotFoundException'{0x0000000088f1eed0}: org/springframework/beans/factory/AwareCustomizer> (0x0000000088f1eed0) thrown at [t:/workspace/hotspot/src/share/vm/classfile/systemDictionary.cpp, line 218]
Event: 1.183 Thread 0x000001b551cc0800 Exception <a 'java/lang/NoSuchMethodError'{0x0000000088c81d30}: java.lang.Object.lambda$comparing$77a9974f$1(Ljava/util/function/Function;Ljava/lang/Object;Ljava/lang/Object;)I> (0x0000000088c81d30) thrown at [t:/workspace/hotspot/src/share/vm/interpreter
Event: 1.280 Thread 0x000001b5727b6000 Exception <a 'java/lang/NoSuchMethodError'{0x00000000879fae50}: java.lang.invoke.DirectMethodHandle$Holder.invokeSpecial(Ljava/lang/Object;Ljava/lang/Object;)J> (0x00000000879fae50) thrown at [t:/workspace/hotspot/src/share/vm/interpreter/linkResolver.cpp
Event: 1.283 Thread 0x000001b5727b6000 Exception <a 'java/lang/NoSuchMethodError'{0x000000008788b918}: java.lang.invoke.DirectMethodHandle$Holder.invokeStatic(Ljava/lang/Object;Ljava/lang/Object;)J> (0x000000008788b918) thrown at [t:/workspace/hotspot/src/share/vm/interpreter/linkResolver.cpp,
Event: 1.284 Thread 0x000001b5727b6000 Exception <a 'java/lang/NoSuchMethodError'{0x000000008788e798}: java.lang.invoke.DirectMethodHandle$Holder.invokeStaticInit(Ljava/lang/Object;Ljava/lang/Object;)J> (0x000000008788e798) thrown at [t:/workspace/hotspot/src/share/vm/interpreter/linkResolver.
Event: 1.286 Thread 0x000001b5727b6000 Exception <a 'java/lang/NoSuchMethodError'{0x000000008789ae88}: java.lang.invoke.DirectMethodHandle$Holder.invokeInterface(Ljava/lang/Object;Ljava/lang/Object;)J> (0x000000008789ae88) thrown at [t:/workspace/hotspot/src/share/vm/interpreter/linkResolver.c
Event: 1.287 Thread 0x000001b5727b6000 Exception <a 'java/lang/IncompatibleClassChangeError'{0x000000008789dc78}: Found class java.lang.Object, but interface was expected> (0x000000008789dc78) thrown at [t:/workspace/hotspot/src/share/vm/interpreter/linkResolver.cpp, line 793]
Event: 1.310 Thread 0x000001b5727b6000 Exception <a 'java/lang/NoSuchMethodError'{0x000000008638e9e8}: java.lang.invoke.DirectMethodHandle$Holder.invokeVirtual(Ljava/lang/Object;Ljava/lang/Object;Ljava/lang/Object;Ljava/lang/Object;)Ljava/lang/Object;> (0x000000008638e9e8) thrown at [t:/worksp

Events (10 events):
Event: 1.304 loading class reactor/core/publisher/Flux
Event: 1.304 loading class reactor/core/publisher/Flux done
Event: 1.308 loading class reactor/core/CorePublisher
Event: 1.308 loading class reactor/core/CorePublisher done
Event: 1.309 loading class org/reactivestreams/Publisher
Event: 1.309 loading class org/reactivestreams/Publisher done
Event: 1.310 loading class com/fasterxml/jackson/databind/ObjectMapper
Event: 1.310 loading class com/fasterxml/jackson/databind/ObjectMapper done
Event: 1.310 loading class com/fasterxml/jackson/databind/ObjectMapper
Event: 1.310 loading class com/fasterxml/jackson/databind/ObjectMapper done


Dynamic libraries:
0x00007ff72b7b0000 - 0x00007ff72b7ee000 	C:\Program Files\Java\jre-9.0.4\bin\javaw.exe
0x00007ffb739e0000 - 0x00007ffb73bd0000 	C:\WINDOWS\SYSTEM32\ntdll.dll
0x00007ffb71d70000 - 0x00007ffb71e22000 	C:\WINDOWS\System32\KERNEL32.DLL
0x00007ffb70970000 - 0x00007ffb70c13000 	C:\WINDOWS\System32\KERNELBASE.dll
0x00007ffb72f90000 - 0x00007ffb73033000 	C:\WINDOWS\System32\ADVAPI32.dll
0x00007ffb724e0000 - 0x00007ffb7257e000 	C:\WINDOWS\System32\msvcrt.dll
0x00007ffb72110000 - 0x00007ffb721a7000 	C:\WINDOWS\System32\sechost.dll
0x00007ffb71e30000 - 0x00007ffb71f50000 	C:\WINDOWS\System32\RPCRT4.dll
0x00007ffb71bd0000 - 0x00007ffb71d64000 	C:\WINDOWS\System32\USER32.dll
0x00007ffb70c40000 - 0x00007ffb70c61000 	C:\WINDOWS\System32\win32u.dll
0x00007ffb727f0000 - 0x00007ffb72816000 	C:\WINDOWS\System32\GDI32.dll
0x00007ffb70d20000 - 0x00007ffb70eb4000 	C:\WINDOWS\System32\gdi32full.dll
0x00007ffb70f40000 - 0x00007ffb70fde000 	C:\WINDOWS\System32\msvcp_win.dll
0x00007ffb710c0000 - 0x00007ffb711ba000 	C:\WINDOWS\System32\ucrtbase.dll
0x00007ffb582f0000 - 0x00007ffb58575000 	C:\WINDOWS\WinSxS\amd64_microsoft.windows.common-controls_6595b64144ccf1df_6.0.18362.720_none_e6beb5c51314836b\COMCTL32.dll
0x00007ffb6a680000 - 0x00007ffb6a68a000 	C:\WINDOWS\SYSTEM32\VERSION.dll
0x00007ffb735e0000 - 0x00007ffb73916000 	C:\WINDOWS\System32\combase.dll
0x00007ffb70fe0000 - 0x00007ffb71060000 	C:\WINDOWS\System32\bcryptPrimitives.dll
0x00007ffb727c0000 - 0x00007ffb727ee000 	C:\WINDOWS\System32\IMM32.DLL
0x00007ffb35630000 - 0x00007ffb3571f000 	C:\Program Files\Java\jre-9.0.4\bin\msvcr120.dll
0x00007ffb39270000 - 0x00007ffb39316000 	C:\Program Files\Java\jre-9.0.4\bin\msvcp120.dll
0x0000000064560000 - 0x0000000064f85000 	C:\Program Files\Java\jre-9.0.4\bin\server\jvm.dll
0x00007ffb72580000 - 0x00007ffb72588000 	C:\WINDOWS\System32\PSAPI.DLL
0x00007ffb5ee50000 - 0x00007ffb5ee59000 	C:\WINDOWS\SYSTEM32\WSOCK32.dll
0x00007ffb6c9e0000 - 0x00007ffb6ca04000 	C:\WINDOWS\SYSTEM32\WINMM.dll
0x00007ffb72470000 - 0x00007ffb724df000 	C:\WINDOWS\System32\WS2_32.dll
0x00007ffb6c990000 - 0x00007ffb6c9bd000 	C:\WINDOWS\SYSTEM32\WINMMBASE.dll
0x00007ffb70ec0000 - 0x00007ffb70f0a000 	C:\WINDOWS\System32\cfgmgr32.dll
0x00007ffb57d90000 - 0x00007ffb57d9f000 	C:\Program Files\Java\jre-9.0.4\bin\verify.dll
0x00007ffb3a810000 - 0x00007ffb3a837000 	C:\Program Files\Java\jre-9.0.4\bin\java.dll
0x00007ffb4deb0000 - 0x00007ffb4dec6000 	C:\Program Files\Java\jre-9.0.4\bin\zip.dll
0x00007ffb55500000 - 0x00007ffb5550a000 	C:\Program Files\Java\jre-9.0.4\bin\jimage.dll
0x00007ffb72830000 - 0x00007ffb72f15000 	C:\WINDOWS\System32\SHELL32.dll
0x00007ffb73040000 - 0x00007ffb730e9000 	C:\WINDOWS\System32\shcore.dll
0x00007ffb711c0000 - 0x00007ffb71940000 	C:\WINDOWS\System32\windows.storage.dll
0x00007ffb70940000 - 0x00007ffb70963000 	C:\WINDOWS\System32\profapi.dll
0x00007ffb708b0000 - 0x00007ffb708fa000 	C:\WINDOWS\System32\powrprof.dll
0x00007ffb708a0000 - 0x00007ffb708b0000 	C:\WINDOWS\System32\UMPDC.dll
0x00007ffb730f0000 - 0x00007ffb73142000 	C:\WINDOWS\System32\shlwapi.dll
0x00007ffb70900000 - 0x00007ffb70911000 	C:\WINDOWS\System32\kernel.appcore.dll
0x00007ffb70c20000 - 0x00007ffb70c37000 	C:\WINDOWS\System32\cryptsp.dll
0x00007ffb4b190000 - 0x00007ffb4b1aa000 	C:\Program Files\Java\jre-9.0.4\bin\net.dll
0x00007ffb6b980000 - 0x00007ffb6ba71000 	C:\WINDOWS\SYSTEM32\WINHTTP.dll
0x00007ffb70110000 - 0x00007ffb70177000 	C:\WINDOWS\system32\mswsock.dll
0x00007ffb49f70000 - 0x00007ffb49f81000 	C:\Program Files\Java\jre-9.0.4\bin\nio.dll
0x00007ffb6c2a0000 - 0x00007ffb6c2a9000 	C:\Program Files\Java\jre-9.0.4\bin\management.dll
0x00007ffb6b6f0000 - 0x00007ffb6b6fa000 	C:\Program Files\Java\jre-9.0.4\bin\management_ext.dll
0x00007ffb557f0000 - 0x00007ffb55806000 	C:\WINDOWS\system32\napinsp.dll
0x00007ffb556b0000 - 0x00007ffb556ca000 	C:\WINDOWS\system32\pnrpnsp.dll
0x00007ffb6fe60000 - 0x00007ffb6ff2a000 	C:\WINDOWS\SYSTEM32\DNSAPI.dll
0x00007ffb72100000 - 0x00007ffb72108000 	C:\WINDOWS\System32\NSI.dll
0x00007ffb6fe20000 - 0x00007ffb6fe5a000 	C:\WINDOWS\SYSTEM32\IPHLPAPI.DLL
0x00007ffb57ad0000 - 0x00007ffb57ade000 	C:\WINDOWS\System32\winrnr.dll
0x00007ffb6dfb0000 - 0x00007ffb6dfcc000 	C:\WINDOWS\system32\NLAapi.dll
0x00007ffb55490000 - 0x00007ffb554a5000 	C:\WINDOWS\system32\wshbth.dll
0x00007ffb67b70000 - 0x00007ffb67b7a000 	C:\Windows\System32\rasadhlp.dll
0x00007ffb69430000 - 0x00007ffb694a7000 	C:\WINDOWS\System32\fwpuclnt.dll
0x00007ffb70f10000 - 0x00007ffb70f36000 	C:\WINDOWS\System32\bcrypt.dll
0x00007ffb6f1d0000 - 0x00007ffb6f3c4000 	C:\WINDOWS\SYSTEM32\dbghelp.dll

VM Arguments:
jvm_args: -Dfile.encoding=UTF-8 
java_command: com.euro.currencyApi.CurrencyApiApplication
java_class_path (initial): D:\currencyApi\target\classes;C:\Users\suman\.m2\repository\org\springframework\boot\spring-boot-starter-data-jpa\2.2.6.RELEASE\spring-boot-starter-data-jpa-2.2.6.RELEASE.jar;C:\Users\suman\.m2\repository\org\springframework\boot\spring-boot-starter-aop\2.2.6.RELEASE\spring-boot-starter-aop-2.2.6.RELEASE.jar;C:\Users\suman\.m2\repository\org\springframework\spring-aop\5.2.5.RELEASE\spring-aop-5.2.5.RELEASE.jar;C:\Users\suman\.m2\repository\org\aspectj\aspectjweaver\1.9.5\aspectjweaver-1.9.5.jar;C:\Users\suman\.m2\repository\org\springframework\boot\spring-boot-starter-jdbc\2.2.6.RELEASE\spring-boot-starter-jdbc-2.2.6.RELEASE.jar;C:\Users\suman\.m2\repository\com\zaxxer\HikariCP\3.4.2\HikariCP-3.4.2.jar;C:\Users\suman\.m2\repository\org\springframework\spring-jdbc\5.2.5.RELEASE\spring-jdbc-5.2.5.RELEASE.jar;C:\Users\suman\.m2\repository\jakarta\activation\jakarta.activation-api\1.2.2\jakarta.activation-api-1.2.2.jar;C:\Users\suman\.m2\repository\jakarta\persistence\jakarta.persistence-api\2.2.3\jakarta.persistence-api-2.2.3.jar;C:\Users\suman\.m2\repository\jakarta\transaction\jakarta.transaction-api\1.3.3\jakarta.transaction-api-1.3.3.jar;C:\Users\suman\.m2\repository\org\hibernate\hibernate-core\5.4.12.Final\hibernate-core-5.4.12.Final.jar;C:\Users\suman\.m2\repository\org\jboss\logging\jboss-logging\3.4.1.Final\jboss-logging-3.4.1.Final.jar;C:\Users\suman\.m2\repository\org\javassist\javassist\3.24.0-GA\javassist-3.24.0-GA.jar;C:\Users\suman\.m2\repository\net\bytebuddy\byte-buddy\1.10.8\byte-buddy-1.10.8.jar;C:\Users\suman\.m2\repository\antlr\antlr\2.7.7\antlr-2.7.7.jar;C:\Users\suman\.m2\repository\org\jboss\jandex\2.1.1.Final\jandex-2.1.1.Final.jar;C:\Users\suman\.m2\repository\com\fasterxml\classmate\1.5.1\classmate-1.5.1.jar;C:\Users\suman\.m2\repository\org\dom4j\dom4j\2.1.1\dom4j-2.1.1.jar;C:\Users\suman\.m2\repository\org\hibernate\common\hibernate-commons-annotations\5.1.0.Final\hibernate-commons-annotations-5.1.0.Final.jar;C
Launcher Type: SUN_STANDARD

Logging:
Log output configuration:
#0: stdout all=warning uptime,level,tags
#1: stderr all=off uptime,level,tags

Environment Variables:
JAVA_HOME=C:\Program Files\Java\jdk-9.0.4
PATH=C:\Program Files (x86)\Intel\Intel(R) Management Engine Components\iCLS\;C:\Program Files\Intel\Intel(R) Management Engine Components\iCLS\;C:\ProgramData\Oracle\Java\javapath;D:\app\suman\product\12.1.0\dbhome_1\bin;C:\WINDOWS\system32;C:\WINDOWS;C:\WINDOWS\System32\Wbem;C:\WINDOWS\System32\WindowsPowerShell\v1.0\;C:\WINDOWS\System32\OpenSSH\;C:\Program Files (x86)\Intel\Intel(R) Management Engine Components\DAL;C:\Program Files\Intel\Intel(R) Management Engine Components\DAL;C:\Program Files\nodejs\;C:\Program Files\Git\cmd;C:\Users\suman\AppData\Local\Microsoft\WindowsApps;C:\Users\suman\AppData\Roaming\npm;C:\Users\suman\AppData\Local\Programs\Microsoft VS Code\bin;C:\Users\suman\AppData\Local\GitHubDesktop\bin
USERNAME=suman
OS=Windows_NT
PROCESSOR_IDENTIFIER=Intel64 Family 6 Model 142 Stepping 10, GenuineIntel



---------------  S Y S T E M  ---------------

OS: Windows 10 , 64 bit Build 18362 (10.0.18362.329)

CPU:total 8 (initial active 8) (4 cores per cpu, 2 threads per core) family 6 model 142 stepping 10, cmov, cx8, fxsr, mmx, sse, sse2, sse3, ssse3, sse4.1, sse4.2, popcnt, avx, avx2, aes, clmul, erms, 3dnowpref, lzcnt, ht, tsc, tscinvbit, bmi1, bmi2, adx, fma

Memory: 4k page, physical 8295652k(603980k free), swap 17207904k(348k free)

vm_info: Java HotSpot(TM) 64-Bit Server VM (9.0.4+11) for windows-amd64 JRE (9.0.4+11), built on Dec 20 2017 02:18:54 by "mach5one" with MS VC++ 12.0 (VS2013)

END.
