#
# There is insufficient memory for the Java Runtime Environment to continue.
# Native memory allocation (malloc) failed to allocate 728176 bytes for Chunk::new
# Possible reasons:
#   The system is out of physical RAM or swap space
#   The process is running with CompressedOops enabled, and the Java Heap may be blocking the growth of the native heap
# Possible solutions:
#   Reduce memory load on the system
#   Increase physical memory or swap space
#   Check if swap backing store is full
#   Decrease Java heap size (-Xmx/-Xms)
#   Decrease number of Java threads
#   Decrease Java thread stack sizes (-Xss)
#   Set larger code cache with -XX:ReservedCodeCacheSize=
#   JVM is running with Unscaled Compressed Oops mode in which the Java heap is
#     placed in the first 4GB address space. The Java Heap base address is the
#     maximum limit for the native heap growth. Please use -XX:HeapBaseMinAddress
#     to set the Java Heap base and to place the Java Heap above 4GB virtual address.
# This output file may be truncated or incomplete.
#
#  Out of Memory Error (t:/workspace/hotspot/src/share/vm/memory/allocation.cpp:372), pid=17380, tid=22992
#
# JRE version: Java(TM) SE Runtime Environment (9.0+11) (build 9.0.4+11)
# Java VM: Java HotSpot(TM) 64-Bit Server VM (9.0.4+11, mixed mode, tiered, compressed oops, g1 gc, windows-amd64)
# No core dump will be written. Minidumps are not enabled by default on client versions of Windows
#

---------------  S U M M A R Y ------------

Command Line: -Dfile.encoding=UTF-8 com.euro.currencyApi.CurrencyApiApplication

Host: Intel(R) Core(TM) i5-8250U CPU @ 1.60GHz, 8 cores, 7G,  Windows 10 , 64 bit Build 18362 (10.0.18362.329)
Time: Thu Apr 16 15:50:31 2020 India Standard Time elapsed time: 1 seconds (0d 0h 0m 1s)

---------------  T H R E A D  ---------------

Current thread (0x000001c97fb79800):  JavaThread "C2 CompilerThread2" daemon [_thread_in_native, id=22992, stack(0x000000ac88200000,0x000000ac88300000)]


Current CompileTask:
C2:   1614 2028       4       java.net.URLStreamHandler::parseURL (1201 bytes)

Stack: [0x000000ac88200000,0x000000ac88300000]
Native frames: (J=compiled Java code, j=interpreted, Vv=VM code, C=native code)
V  [jvm.dll+0x587068]
V  [jvm.dll+0x69c25e]
V  [jvm.dll+0x69d17a]
V  [jvm.dll+0x69d7b3]
V  [jvm.dll+0x21d198]
V  [jvm.dll+0xa7aac]
V  [jvm.dll+0xa83ec]
V  [jvm.dll+0x320eac]
V  [jvm.dll+0x17b8ac]
V  [jvm.dll+0x1e9bed]
V  [jvm.dll+0x1e8d86]
V  [jvm.dll+0x1691cb]
V  [jvm.dll+0x1f6570]
V  [jvm.dll+0x1f51f6]
V  [jvm.dll+0x66b44f]
V  [jvm.dll+0x586490]
C  [msvcr120.dll+0x24f7f]
C  [msvcr120.dll+0x25126]
C  [KERNEL32.DLL+0x17bd4]
C  [ntdll.dll+0x6ced1]


---------------  P R O C E S S  ---------------

Java Threads: ( => current thread )
  0x000001c9001c4800 JavaThread "Service Thread" daemon [_thread_blocked, id=660, stack(0x000000ac88600000,0x000000ac88700000)]
  0x000001c97fc3c800 JavaThread "Common-Cleaner" daemon [_thread_blocked, id=17636, stack(0x000000ac88500000,0x000000ac88600000)]
  0x000001c97fb85000 JavaThread "Sweeper thread" daemon [_thread_blocked, id=7176, stack(0x000000ac88400000,0x000000ac88500000)]
  0x000001c97fb7a800 JavaThread "C1 CompilerThread3" daemon [_thread_in_native, id=5076, stack(0x000000ac88300000,0x000000ac88400000)]
=>0x000001c97fb79800 JavaThread "C2 CompilerThread2" daemon [_thread_in_native, id=22992, stack(0x000000ac88200000,0x000000ac88300000)]
  0x000001c97fb77000 JavaThread "C2 CompilerThread1" daemon [_thread_in_native, id=2240, stack(0x000000ac88100000,0x000000ac88200000)]
  0x000001c97fb72800 JavaThread "C2 CompilerThread0" daemon [_thread_in_native, id=9876, stack(0x000000ac88000000,0x000000ac88100000)]
  0x000001c97fb72000 JavaThread "Attach Listener" daemon [_thread_blocked, id=16440, stack(0x000000ac87f00000,0x000000ac88000000)]
  0x000001c97fb6f000 JavaThread "Signal Dispatcher" daemon [_thread_blocked, id=22464, stack(0x000000ac87e00000,0x000000ac87f00000)]
  0x000001c97fb64000 JavaThread "Finalizer" daemon [_thread_blocked, id=13768, stack(0x000000ac87d00000,0x000000ac87e00000)]
  0x000001c97fb2b800 JavaThread "Reference Handler" daemon [_thread_blocked, id=2964, stack(0x000000ac87c00000,0x000000ac87d00000)]
  0x000001c95fa60000 JavaThread "main" [_thread_in_Java, id=21072, stack(0x000000ac86600000,0x000000ac86700000)]

Other Threads:
  0x000001c97fb26000 VMThread "VM Thread" [stack: 0x000000ac87b00000,0x000000ac87c00000] [id=10928]
  0x000001c9001cc000 WatcherThread [stack: 0x000000ac88700000,0x000000ac88800000] [id=5644]
  0x000001c95fa79000 GCTaskThread "GC Thread#0" [stack: 0x000000ac86700000,0x000000ac86800000] [id=13676]
  0x000001c95fa7a000 GCTaskThread "GC Thread#1" [stack: 0x000000ac86800000,0x000000ac86900000] [id=17348]
  0x000001c95fa7d800 GCTaskThread "GC Thread#2" [stack: 0x000000ac86900000,0x000000ac86a00000] [id=10788]
  0x000001c95fa7f000 GCTaskThread "GC Thread#3" [stack: 0x000000ac86a00000,0x000000ac86b00000] [id=22228]
  0x000001c95fa82000 GCTaskThread "GC Thread#4" [stack: 0x000000ac86b00000,0x000000ac86c00000] [id=11108]
  0x000001c95fa86000 GCTaskThread "GC Thread#5" [stack: 0x000000ac86c00000,0x000000ac86d00000] [id=10444]
  0x000001c95fa87800 GCTaskThread "GC Thread#6" [stack: 0x000000ac86d00000,0x000000ac86e00000] [id=6684]
  0x000001c95fa89800 GCTaskThread "GC Thread#7" [stack: 0x000000ac86e00000,0x000000ac86f00000] [id=18136]
  0x000001c97c894800 ConcurrentGCThread "G1 Main Marker" [stack: 0x000000ac87800000,0x000000ac87900000] [id=2992]
  0x000001c95fad5000 ConcurrentGCThread "G1 Marker#0" [stack: 0x000000ac87900000,0x000000ac87a00000] [id=19144]
  0x000001c95fad6000 ConcurrentGCThread "G1 Marker#1" [stack: 0x000000ac87a00000,0x000000ac87b00000] [id=15564]
  0x000001c95faa2800 ConcurrentGCThread "G1 Refine#0" [stack: 0x000000ac87600000,0x000000ac87700000] [id=23780]
  0x000001c95fa9d800 ConcurrentGCThread "G1 Refine#1" [stack: 0x000000ac87500000,0x000000ac87600000] [id=15536]
  0x000001c95fa9c800 ConcurrentGCThread "G1 Refine#2" [stack: 0x000000ac87400000,0x000000ac87500000] [id=7512]
  0x000001c95fa9b800 ConcurrentGCThread "G1 Refine#3" [stack: 0x000000ac87300000,0x000000ac87400000] [id=21808]
  0x000001c95fa9b000 ConcurrentGCThread "G1 Refine#4" [stack: 0x000000ac87200000,0x000000ac87300000] [id=18716]
  0x000001c95fa99000 ConcurrentGCThread "G1 Refine#5" [stack: 0x000000ac87100000,0x000000ac87200000] [id=23588]
  0x000001c95fa92800 ConcurrentGCThread "G1 Refine#6" [stack: 0x000000ac87000000,0x000000ac87100000] [id=11036]
  0x000001c95fa8d800 ConcurrentGCThread "G1 Refine#7" [stack: 0x000000ac86f00000,0x000000ac87000000] [id=13060]
  0x000001c95faa9800 ConcurrentGCThread "G1 Young RemSet Sampling" [stack: 0x000000ac87700000,0x000000ac87800000] [id=19580]

Threads with active compile tasks:
C1 CompilerThread32168       3       java.util.LinkedHashMap::<init> (16 bytes)
C2 CompilerThread22028       4       java.net.URLStreamHandler::parseURL (1201 bytes)
C2 CompilerThread12031   !   4       jdk.internal.loader.BuiltinClassLoader::loadClassOrNull (143 bytes)
C2 CompilerThread02164       4       org.springframework.util.ConcurrentReferenceHashMap$Segment::restructureIfNecessary (56 bytes)

VM state:not at safepoint (normal execution)

VM Mutex/Monitor currently owned by a thread:  ([mutex/lock_event])
[0x000001c95fa5abc0] CodeCache_lock - owner thread: 0x0000000000000000

Heap address: 0x0000000081600000, size: 2026 MB, Compressed Oops mode: 32-bit
Narrow klass base: 0x0000000000000000, Narrow klass shift: 3
Compressed class space size: 1073741824 Address: 0x0000000100000000

Heap:
 garbage-first heap   total 157696K, used 20526K [0x0000000081600000, 0x00000000817004d0, 0x0000000100000000)
  region size 1024K, 14 young (14336K), 8 survivors (8192K)
 Metaspace       used 24586K, capacity 25676K, committed 25856K, reserved 1071104K
  class space    used 3039K, capacity 3276K, committed 3328K, reserved 1048576K
Heap Regions: E=young(eden), S=young(survivor), O=old, HS=humongous(starts), HC=humongous(continues), CS=collection set, F=free, A=archive, TS=gc time stamp, AC=allocation context, TAMS=top-at-mark-start (previous, next)
|   0|0x0000000081600000, 0x0000000081700000, 0x0000000081700000|100%|HS|  |TS  0|AC  0|TAMS 0x0000000081700000, 0x0000000081700000|
|   1|0x0000000081700000, 0x0000000081800000, 0x0000000081800000|100%| O|  |TS  0|AC  0|TAMS 0x0000000081800000, 0x0000000081800000|
|   2|0x0000000081800000, 0x0000000081900000, 0x0000000081900000|100%| O|  |TS  0|AC  0|TAMS 0x0000000081900000, 0x0000000081900000|
|   3|0x0000000081900000, 0x0000000081a00000, 0x0000000081a00000|100%| O|  |TS  0|AC  0|TAMS 0x0000000081a00000, 0x0000000081a00000|
|   4|0x0000000081a00000, 0x0000000081b00000, 0x0000000081b00000|100%| O|  |TS  0|AC  0|TAMS 0x0000000081b00000, 0x0000000081b00000|
|   5|0x0000000081b00000, 0x0000000081c00000, 0x0000000081c00000|100%| O|  |TS  0|AC  0|TAMS 0x0000000081c00000, 0x0000000081c00000|
|   6|0x0000000081c00000, 0x0000000081d00000, 0x0000000081d00000|100%| O|  |TS  0|AC  0|TAMS 0x0000000081d00000, 0x0000000081d00000|
|   7|0x0000000081d00000, 0x0000000081df1600, 0x0000000081e00000| 94%| O|  |TS  1|AC  0|TAMS 0x0000000081df1600, 0x0000000081df1600|
|   8|0x0000000081e00000, 0x0000000081e00000, 0x0000000081f00000|  0%| F|  |TS  0|AC  0|TAMS 0x0000000081e00000, 0x0000000081e00000|
|   9|0x0000000081f00000, 0x0000000081f00000, 0x0000000082000000|  0%| F|  |TS  0|AC  0|TAMS 0x0000000081f00000, 0x0000000081f00000|
|  10|0x0000000082000000, 0x0000000082000000, 0x0000000082100000|  0%| F|  |TS  0|AC  0|TAMS 0x0000000082000000, 0x0000000082000000|
|  11|0x0000000082100000, 0x0000000082100000, 0x0000000082200000|  0%| F|  |TS  0|AC  0|TAMS 0x0000000082100000, 0x0000000082100000|
|  12|0x0000000082200000, 0x0000000082200000, 0x0000000082300000|  0%| F|  |TS  0|AC  0|TAMS 0x0000000082200000, 0x0000000082200000|
|  13|0x0000000082300000, 0x0000000082300000, 0x0000000082400000|  0%| F|  |TS  0|AC  0|TAMS 0x0000000082300000, 0x0000000082300000|
|  14|0x0000000082400000, 0x0000000082400000, 0x0000000082500000|  0%| F|  |TS  0|AC  0|TAMS 0x0000000082400000, 0x0000000082400000|
|  15|0x0000000082500000, 0x0000000082500000, 0x0000000082600000|  0%| F|  |TS  0|AC  0|TAMS 0x0000000082500000, 0x0000000082500000|
|  16|0x0000000082600000, 0x0000000082600000, 0x0000000082700000|  0%| F|  |TS  0|AC  0|TAMS 0x0000000082600000, 0x0000000082600000|
|  17|0x0000000082700000, 0x0000000082700000, 0x0000000082800000|  0%| F|  |TS  0|AC  0|TAMS 0x0000000082700000, 0x0000000082700000|
|  18|0x0000000082800000, 0x0000000082800000, 0x0000000082900000|  0%| F|  |TS  0|AC  0|TAMS 0x0000000082800000, 0x0000000082800000|
|  19|0x0000000082900000, 0x0000000082900000, 0x0000000082a00000|  0%| F|  |TS  0|AC  0|TAMS 0x0000000082900000, 0x0000000082900000|
|  20|0x0000000082a00000, 0x0000000082a00000, 0x0000000082b00000|  0%| F|  |TS  0|AC  0|TAMS 0x0000000082a00000, 0x0000000082a00000|
|  21|0x0000000082b00000, 0x0000000082b00000, 0x0000000082c00000|  0%| F|  |TS  0|AC  0|TAMS 0x0000000082b00000, 0x0000000082b00000|
|  22|0x0000000082c00000, 0x0000000082c00000, 0x0000000082d00000|  0%| F|  |TS  0|AC  0|TAMS 0x0000000082c00000, 0x0000000082c00000|
|  23|0x0000000082d00000, 0x0000000082d00000, 0x0000000082e00000|  0%| F|  |TS  0|AC  0|TAMS 0x0000000082d00000, 0x0000000082d00000|
|  24|0x0000000082e00000, 0x0000000082e00000, 0x0000000082f00000|  0%| F|  |TS  0|AC  0|TAMS 0x0000000082e00000, 0x0000000082e00000|
|  25|0x0000000082f00000, 0x0000000082f00000, 0x0000000083000000|  0%| F|  |TS  0|AC  0|TAMS 0x0000000082f00000, 0x0000000082f00000|
|  26|0x0000000083000000, 0x0000000083000000, 0x0000000083100000|  0%| F|  |TS  0|AC  0|TAMS 0x0000000083000000, 0x0000000083000000|
|  27|0x0000000083100000, 0x0000000083100000, 0x0000000083200000|  0%| F|  |TS  0|AC  0|TAMS 0x0000000083100000, 0x0000000083100000|
|  28|0x0000000083200000, 0x0000000083200000, 0x0000000083300000|  0%| F|  |TS  0|AC  0|TAMS 0x0000000083200000, 0x0000000083200000|
|  29|0x0000000083300000, 0x0000000083300000, 0x0000000083400000|  0%| F|  |TS  0|AC  0|TAMS 0x0000000083300000, 0x0000000083300000|
|  30|0x0000000083400000, 0x0000000083400000, 0x0000000083500000|  0%| F|  |TS  0|AC  0|TAMS 0x0000000083400000, 0x0000000083400000|
|  31|0x0000000083500000, 0x0000000083500000, 0x0000000083600000|  0%| F|  |TS  0|AC  0|TAMS 0x0000000083500000, 0x0000000083500000|
|  32|0x0000000083600000, 0x0000000083600000, 0x0000000083700000|  0%| F|  |TS  0|AC  0|TAMS 0x0000000083600000, 0x0000000083600000|
|  33|0x0000000083700000, 0x0000000083700000, 0x0000000083800000|  0%| F|  |TS  0|AC  0|TAMS 0x0000000083700000, 0x0000000083700000|
|  34|0x0000000083800000, 0x0000000083800000, 0x0000000083900000|  0%| F|  |TS  0|AC  0|TAMS 0x0000000083800000, 0x0000000083800000|
|  35|0x0000000083900000, 0x0000000083900000, 0x0000000083a00000|  0%| F|  |TS  0|AC  0|TAMS 0x0000000083900000, 0x0000000083900000|
|  36|0x0000000083a00000, 0x0000000083a00000, 0x0000000083b00000|  0%| F|  |TS  0|AC  0|TAMS 0x0000000083a00000, 0x0000000083a00000|
|  37|0x0000000083b00000, 0x0000000083b00000, 0x0000000083c00000|  0%| F|  |TS  0|AC  0|TAMS 0x0000000083b00000, 0x0000000083b00000|
|  38|0x0000000083c00000, 0x0000000083c00000, 0x0000000083d00000|  0%| F|  |TS  0|AC  0|TAMS 0x0000000083c00000, 0x0000000083c00000|
|  39|0x0000000083d00000, 0x0000000083d00000, 0x0000000083e00000|  0%| F|  |TS  0|AC  0|TAMS 0x0000000083d00000, 0x0000000083d00000|
|  40|0x0000000083e00000, 0x0000000083e00000, 0x0000000083f00000|  0%| F|  |TS  0|AC  0|TAMS 0x0000000083e00000, 0x0000000083e00000|
|  41|0x0000000083f00000, 0x0000000083f00000, 0x0000000084000000|  0%| F|  |TS  0|AC  0|TAMS 0x0000000083f00000, 0x0000000083f00000|
|  42|0x0000000084000000, 0x0000000084000000, 0x0000000084100000|  0%| F|  |TS  0|AC  0|TAMS 0x0000000084000000, 0x0000000084000000|
|  43|0x0000000084100000, 0x0000000084100000, 0x0000000084200000|  0%| F|  |TS  0|AC  0|TAMS 0x0000000084100000, 0x0000000084100000|
|  44|0x0000000084200000, 0x000000008421a3d8, 0x0000000084300000| 10%| S|CS|TS  1|AC  0|TAMS 0x0000000084200000, 0x0000000084200000|
|  45|0x0000000084300000, 0x0000000084400000, 0x0000000084400000|100%| S|CS|TS  1|AC  0|TAMS 0x0000000084300000, 0x0000000084300000|
|  46|0x0000000084400000, 0x0000000084500000, 0x0000000084500000|100%| S|CS|TS  1|AC  0|TAMS 0x0000000084400000, 0x0000000084400000|
|  47|0x0000000084500000, 0x0000000084600000, 0x0000000084600000|100%| S|CS|TS  1|AC  0|TAMS 0x0000000084500000, 0x0000000084500000|
|  48|0x0000000084600000, 0x0000000084700000, 0x0000000084700000|100%| S|CS|TS  1|AC  0|TAMS 0x0000000084600000, 0x0000000084600000|
|  49|0x0000000084700000, 0x0000000084800000, 0x0000000084800000|100%| S|CS|TS  1|AC  0|TAMS 0x0000000084700000, 0x0000000084700000|
|  50|0x0000000084800000, 0x0000000084900000, 0x0000000084900000|100%| S|CS|TS  1|AC  0|TAMS 0x0000000084800000, 0x0000000084800000|
|  51|0x0000000084900000, 0x0000000084a00000, 0x0000000084a00000|100%| S|CS|TS  1|AC  0|TAMS 0x0000000084900000, 0x0000000084900000|
|  52|0x0000000084a00000, 0x0000000084a00000, 0x0000000084b00000|  0%| F|  |TS  1|AC  0|TAMS 0x0000000084a00000, 0x0000000084a00000|
|  53|0x0000000084b00000, 0x0000000084b00000, 0x0000000084c00000|  0%| F|  |TS  1|AC  0|TAMS 0x0000000084b00000, 0x0000000084b00000|
|  54|0x0000000084c00000, 0x0000000084c00000, 0x0000000084d00000|  0%| F|  |TS  1|AC  0|TAMS 0x0000000084c00000, 0x0000000084c00000|
|  55|0x0000000084d00000, 0x0000000084d00000, 0x0000000084e00000|  0%| F|  |TS  1|AC  0|TAMS 0x0000000084d00000, 0x0000000084d00000|
|  56|0x0000000084e00000, 0x0000000084e00000, 0x0000000084f00000|  0%| F|  |TS  1|AC  0|TAMS 0x0000000084e00000, 0x0000000084e00000|
|  57|0x0000000084f00000, 0x0000000084f00000, 0x0000000085000000|  0%| F|  |TS  1|AC  0|TAMS 0x0000000084f00000, 0x0000000084f00000|
|  58|0x0000000085000000, 0x0000000085000000, 0x0000000085100000|  0%| F|  |TS  1|AC  0|TAMS 0x0000000085000000, 0x0000000085000000|
|  59|0x0000000085100000, 0x0000000085100000, 0x0000000085200000|  0%| F|  |TS  1|AC  0|TAMS 0x0000000085100000, 0x0000000085100000|
|  60|0x0000000085200000, 0x0000000085200000, 0x0000000085300000|  0%| F|  |TS  1|AC  0|TAMS 0x0000000085200000, 0x0000000085200000|
|  61|0x0000000085300000, 0x0000000085300000, 0x0000000085400000|  0%| F|  |TS  1|AC  0|TAMS 0x0000000085300000, 0x0000000085300000|
|  62|0x0000000085400000, 0x0000000085400000, 0x0000000085500000|  0%| F|  |TS  1|AC  0|TAMS 0x0000000085400000, 0x0000000085400000|
|  63|0x0000000085500000, 0x0000000085500000, 0x0000000085600000|  0%| F|  |TS  1|AC  0|TAMS 0x0000000085500000, 0x0000000085500000|
|  64|0x0000000085600000, 0x0000000085600000, 0x0000000085700000|  0%| F|  |TS  1|AC  0|TAMS 0x0000000085600000, 0x0000000085600000|
|  65|0x0000000085700000, 0x0000000085700000, 0x0000000085800000|  0%| F|  |TS  1|AC  0|TAMS 0x0000000085700000, 0x0000000085700000|
|  66|0x0000000085800000, 0x0000000085800000, 0x0000000085900000|  0%| F|  |TS  1|AC  0|TAMS 0x0000000085800000, 0x0000000085800000|
|  67|0x0000000085900000, 0x0000000085900000, 0x0000000085a00000|  0%| F|  |TS  1|AC  0|TAMS 0x0000000085900000, 0x0000000085900000|
|  68|0x0000000085a00000, 0x0000000085a00000, 0x0000000085b00000|  0%| F|  |TS  1|AC  0|TAMS 0x0000000085a00000, 0x0000000085a00000|
|  69|0x0000000085b00000, 0x0000000085b00000, 0x0000000085c00000|  0%| F|  |TS  1|AC  0|TAMS 0x0000000085b00000, 0x0000000085b00000|
|  70|0x0000000085c00000, 0x0000000085c00000, 0x0000000085d00000|  0%| F|  |TS  1|AC  0|TAMS 0x0000000085c00000, 0x0000000085c00000|
|  71|0x0000000085d00000, 0x0000000085d00000, 0x0000000085e00000|  0%| F|  |TS  1|AC  0|TAMS 0x0000000085d00000, 0x0000000085d00000|
|  72|0x0000000085e00000, 0x0000000085e00000, 0x0000000085f00000|  0%| F|  |TS  1|AC  0|TAMS 0x0000000085e00000, 0x0000000085e00000|
|  73|0x0000000085f00000, 0x0000000085f00000, 0x0000000086000000|  0%| F|  |TS  1|AC  0|TAMS 0x0000000085f00000, 0x0000000085f00000|
|  74|0x0000000086000000, 0x0000000086000000, 0x0000000086100000|  0%| F|  |TS  1|AC  0|TAMS 0x0000000086000000, 0x0000000086000000|
|  75|0x0000000086100000, 0x0000000086100000, 0x0000000086200000|  0%| F|  |TS  1|AC  0|TAMS 0x0000000086100000, 0x0000000086100000|
|  76|0x0000000086200000, 0x0000000086200000, 0x0000000086300000|  0%| F|  |TS  1|AC  0|TAMS 0x0000000086200000, 0x0000000086200000|
|  77|0x0000000086300000, 0x0000000086300000, 0x0000000086400000|  0%| F|  |TS  1|AC  0|TAMS 0x0000000086300000, 0x0000000086300000|
|  78|0x0000000086400000, 0x0000000086400000, 0x0000000086500000|  0%| F|  |TS  1|AC  0|TAMS 0x0000000086400000, 0x0000000086400000|
|  79|0x0000000086500000, 0x0000000086500000, 0x0000000086600000|  0%| F|  |TS  1|AC  0|TAMS 0x0000000086500000, 0x0000000086500000|
|  80|0x0000000086600000, 0x0000000086600000, 0x0000000086700000|  0%| F|  |TS  1|AC  0|TAMS 0x0000000086600000, 0x0000000086600000|
|  81|0x0000000086700000, 0x0000000086700000, 0x0000000086800000|  0%| F|  |TS  1|AC  0|TAMS 0x0000000086700000, 0x0000000086700000|
|  82|0x0000000086800000, 0x0000000086800000, 0x0000000086900000|  0%| F|  |TS  1|AC  0|TAMS 0x0000000086800000, 0x0000000086800000|
|  83|0x0000000086900000, 0x0000000086900000, 0x0000000086a00000|  0%| F|  |TS  1|AC  0|TAMS 0x0000000086900000, 0x0000000086900000|
|  84|0x0000000086a00000, 0x0000000086a00000, 0x0000000086b00000|  0%| F|  |TS  1|AC  0|TAMS 0x0000000086a00000, 0x0000000086a00000|
|  85|0x0000000086b00000, 0x0000000086b00000, 0x0000000086c00000|  0%| F|  |TS  1|AC  0|TAMS 0x0000000086b00000, 0x0000000086b00000|
|  86|0x0000000086c00000, 0x0000000086c00000, 0x0000000086d00000|  0%| F|  |TS  1|AC  0|TAMS 0x0000000086c00000, 0x0000000086c00000|
|  87|0x0000000086d00000, 0x0000000086d00000, 0x0000000086e00000|  0%| F|  |TS  1|AC  0|TAMS 0x0000000086d00000, 0x0000000086d00000|
|  88|0x0000000086e00000, 0x0000000086e00000, 0x0000000086f00000|  0%| F|  |TS  1|AC  0|TAMS 0x0000000086e00000, 0x0000000086e00000|
|  89|0x0000000086f00000, 0x0000000086f00000, 0x0000000087000000|  0%| F|  |TS  1|AC  0|TAMS 0x0000000086f00000, 0x0000000086f00000|
|  90|0x0000000087000000, 0x0000000087000000, 0x0000000087100000|  0%| F|  |TS  1|AC  0|TAMS 0x0000000087000000, 0x0000000087000000|
|  91|0x0000000087100000, 0x0000000087100000, 0x0000000087200000|  0%| F|  |TS  1|AC  0|TAMS 0x0000000087100000, 0x0000000087100000|
|  92|0x0000000087200000, 0x0000000087200000, 0x0000000087300000|  0%| F|  |TS  1|AC  0|TAMS 0x0000000087200000, 0x0000000087200000|
|  93|0x0000000087300000, 0x0000000087300000, 0x0000000087400000|  0%| F|  |TS  1|AC  0|TAMS 0x0000000087300000, 0x0000000087300000|
|  94|0x0000000087400000, 0x0000000087400000, 0x0000000087500000|  0%| F|  |TS  1|AC  0|TAMS 0x0000000087400000, 0x0000000087400000|
|  95|0x0000000087500000, 0x0000000087500000, 0x0000000087600000|  0%| F|  |TS  1|AC  0|TAMS 0x0000000087500000, 0x0000000087500000|
|  96|0x0000000087600000, 0x0000000087600000, 0x0000000087700000|  0%| F|  |TS  1|AC  0|TAMS 0x0000000087600000, 0x0000000087600000|
|  97|0x0000000087700000, 0x0000000087700000, 0x0000000087800000|  0%| F|  |TS  1|AC  0|TAMS 0x0000000087700000, 0x0000000087700000|
|  98|0x0000000087800000, 0x0000000087800000, 0x0000000087900000|  0%| F|  |TS  1|AC  0|TAMS 0x0000000087800000, 0x0000000087800000|
|  99|0x0000000087900000, 0x0000000087900000, 0x0000000087a00000|  0%| F|  |TS  1|AC  0|TAMS 0x0000000087900000, 0x0000000087900000|
| 100|0x0000000087a00000, 0x0000000087a00000, 0x0000000087b00000|  0%| F|  |TS  1|AC  0|TAMS 0x0000000087a00000, 0x0000000087a00000|
| 101|0x0000000087b00000, 0x0000000087b00000, 0x0000000087c00000|  0%| F|  |TS  1|AC  0|TAMS 0x0000000087b00000, 0x0000000087b00000|
| 102|0x0000000087c00000, 0x0000000087c00000, 0x0000000087d00000|  0%| F|  |TS  1|AC  0|TAMS 0x0000000087c00000, 0x0000000087c00000|
| 103|0x0000000087d00000, 0x0000000087d00000, 0x0000000087e00000|  0%| F|  |TS  1|AC  0|TAMS 0x0000000087d00000, 0x0000000087d00000|
| 104|0x0000000087e00000, 0x0000000087e00000, 0x0000000087f00000|  0%| F|  |TS  1|AC  0|TAMS 0x0000000087e00000, 0x0000000087e00000|
| 105|0x0000000087f00000, 0x0000000087f00000, 0x0000000088000000|  0%| F|  |TS  1|AC  0|TAMS 0x0000000087f00000, 0x0000000087f00000|
| 106|0x0000000088000000, 0x0000000088000000, 0x0000000088100000|  0%| F|  |TS  1|AC  0|TAMS 0x0000000088000000, 0x0000000088000000|
| 107|0x0000000088100000, 0x0000000088100000, 0x0000000088200000|  0%| F|  |TS  1|AC  0|TAMS 0x0000000088100000, 0x0000000088100000|
| 108|0x0000000088200000, 0x0000000088200000, 0x0000000088300000|  0%| F|  |TS  1|AC  0|TAMS 0x0000000088200000, 0x0000000088200000|
| 109|0x0000000088300000, 0x0000000088300000, 0x0000000088400000|  0%| F|  |TS  1|AC  0|TAMS 0x0000000088300000, 0x0000000088300000|
| 110|0x0000000088400000, 0x0000000088400000, 0x0000000088500000|  0%| F|  |TS  1|AC  0|TAMS 0x0000000088400000, 0x0000000088400000|
| 111|0x0000000088500000, 0x0000000088500000, 0x0000000088600000|  0%| F|  |TS  1|AC  0|TAMS 0x0000000088500000, 0x0000000088500000|
| 112|0x0000000088600000, 0x0000000088600000, 0x0000000088700000|  0%| F|  |TS  1|AC  0|TAMS 0x0000000088600000, 0x0000000088600000|
| 113|0x0000000088700000, 0x0000000088700000, 0x0000000088800000|  0%| F|  |TS  1|AC  0|TAMS 0x0000000088700000, 0x0000000088700000|
| 114|0x0000000088800000, 0x0000000088800000, 0x0000000088900000|  0%| F|  |TS  1|AC  0|TAMS 0x0000000088800000, 0x0000000088800000|
| 115|0x0000000088900000, 0x0000000088900000, 0x0000000088a00000|  0%| F|  |TS  1|AC  0|TAMS 0x0000000088900000, 0x0000000088900000|
| 116|0x0000000088a00000, 0x0000000088a00000, 0x0000000088b00000|  0%| F|  |TS  1|AC  0|TAMS 0x0000000088a00000, 0x0000000088a00000|
| 117|0x0000000088b00000, 0x0000000088b00000, 0x0000000088c00000|  0%| F|  |TS  1|AC  0|TAMS 0x0000000088b00000, 0x0000000088b00000|
| 118|0x0000000088c00000, 0x0000000088c00000, 0x0000000088d00000|  0%| F|  |TS  1|AC  0|TAMS 0x0000000088c00000, 0x0000000088c00000|
| 119|0x0000000088d00000, 0x0000000088d00000, 0x0000000088e00000|  0%| F|  |TS  1|AC  0|TAMS 0x0000000088d00000, 0x0000000088d00000|
| 120|0x0000000088e00000, 0x0000000088e00000, 0x0000000088f00000|  0%| F|  |TS  1|AC  0|TAMS 0x0000000088e00000, 0x0000000088e00000|
| 121|0x0000000088f00000, 0x0000000088f00000, 0x0000000089000000|  0%| F|  |TS  1|AC  0|TAMS 0x0000000088f00000, 0x0000000088f00000|
| 122|0x0000000089000000, 0x0000000089000000, 0x0000000089100000|  0%| F|  |TS  1|AC  0|TAMS 0x0000000089000000, 0x0000000089000000|
| 123|0x0000000089100000, 0x0000000089100000, 0x0000000089200000|  0%| F|  |TS  1|AC  0|TAMS 0x0000000089100000, 0x0000000089100000|
| 124|0x0000000089200000, 0x0000000089200000, 0x0000000089300000|  0%| F|  |TS  1|AC  0|TAMS 0x0000000089200000, 0x0000000089200000|
| 125|0x0000000089300000, 0x0000000089300000, 0x0000000089400000|  0%| F|  |TS  1|AC  0|TAMS 0x0000000089300000, 0x0000000089300000|
| 126|0x0000000089400000, 0x0000000089400000, 0x0000000089500000|  0%| F|  |TS  1|AC  0|TAMS 0x0000000089400000, 0x0000000089400000|
| 127|0x0000000089500000, 0x0000000089500000, 0x0000000089600000|  0%| F|  |TS  1|AC  0|TAMS 0x0000000089500000, 0x0000000089500000|
| 128|0x0000000089600000, 0x0000000089600000, 0x0000000089700000|  0%| F|  |TS  1|AC  0|TAMS 0x0000000089600000, 0x0000000089600000|
| 129|0x0000000089700000, 0x0000000089700000, 0x0000000089800000|  0%| F|  |TS  1|AC  0|TAMS 0x0000000089700000, 0x0000000089700000|
| 130|0x0000000089800000, 0x0000000089800000, 0x0000000089900000|  0%| F|  |TS  1|AC  0|TAMS 0x0000000089800000, 0x0000000089800000|
| 131|0x0000000089900000, 0x0000000089900000, 0x0000000089a00000|  0%| F|  |TS  1|AC  0|TAMS 0x0000000089900000, 0x0000000089900000|
| 132|0x0000000089a00000, 0x0000000089a00000, 0x0000000089b00000|  0%| F|  |TS  1|AC  0|TAMS 0x0000000089a00000, 0x0000000089a00000|
| 133|0x0000000089b00000, 0x0000000089b00000, 0x0000000089c00000|  0%| F|  |TS  1|AC  0|TAMS 0x0000000089b00000, 0x0000000089b00000|
| 134|0x0000000089c00000, 0x0000000089c00000, 0x0000000089d00000|  0%| F|  |TS  1|AC  0|TAMS 0x0000000089c00000, 0x0000000089c00000|
| 135|0x0000000089d00000, 0x0000000089d00000, 0x0000000089e00000|  0%| F|  |TS  1|AC  0|TAMS 0x0000000089d00000, 0x0000000089d00000|
| 136|0x0000000089e00000, 0x0000000089e00000, 0x0000000089f00000|  0%| F|  |TS  1|AC  0|TAMS 0x0000000089e00000, 0x0000000089e00000|
| 137|0x0000000089f00000, 0x0000000089f00000, 0x000000008a000000|  0%| F|  |TS  1|AC  0|TAMS 0x0000000089f00000, 0x0000000089f00000|
| 138|0x000000008a000000, 0x000000008a000000, 0x000000008a100000|  0%| F|  |TS  1|AC  0|TAMS 0x000000008a000000, 0x000000008a000000|
| 139|0x000000008a100000, 0x000000008a100000, 0x000000008a200000|  0%| F|  |TS  1|AC  0|TAMS 0x000000008a100000, 0x000000008a100000|
| 140|0x000000008a200000, 0x000000008a200000, 0x000000008a300000|  0%| F|  |TS  1|AC  0|TAMS 0x000000008a200000, 0x000000008a200000|
| 141|0x000000008a300000, 0x000000008a300000, 0x000000008a400000|  0%| F|  |TS  1|AC  0|TAMS 0x000000008a300000, 0x000000008a300000|
| 142|0x000000008a400000, 0x000000008a400000, 0x000000008a500000|  0%| F|  |TS  1|AC  0|TAMS 0x000000008a400000, 0x000000008a400000|
| 143|0x000000008a500000, 0x000000008a500000, 0x000000008a600000|  0%| F|  |TS  1|AC  0|TAMS 0x000000008a500000, 0x000000008a500000|
| 144|0x000000008a600000, 0x000000008a600000, 0x000000008a700000|  0%| F|  |TS  1|AC  0|TAMS 0x000000008a600000, 0x000000008a600000|
| 145|0x000000008a700000, 0x000000008a700000, 0x000000008a800000|  0%| F|  |TS  1|AC  0|TAMS 0x000000008a700000, 0x000000008a700000|
| 146|0x000000008a800000, 0x000000008a800000, 0x000000008a900000|  0%| F|  |TS  1|AC  0|TAMS 0x000000008a800000, 0x000000008a800000|
| 147|0x000000008a900000, 0x000000008a900000, 0x000000008aa00000|  0%| F|  |TS  1|AC  0|TAMS 0x000000008a900000, 0x000000008a900000|
| 148|0x000000008aa00000, 0x000000008ab00000, 0x000000008ab00000|100%| E|  |TS  1|AC  0|TAMS 0x000000008aa00000, 0x000000008aa00000|
| 149|0x000000008ab00000, 0x000000008ac00000, 0x000000008ac00000|100%| E|CS|TS  1|AC  0|TAMS 0x000000008ab00000, 0x000000008ab00000|
| 150|0x000000008ac00000, 0x000000008ad00000, 0x000000008ad00000|100%| E|CS|TS  1|AC  0|TAMS 0x000000008ac00000, 0x000000008ac00000|
| 151|0x000000008ad00000, 0x000000008ae00000, 0x000000008ae00000|100%| E|CS|TS  1|AC  0|TAMS 0x000000008ad00000, 0x000000008ad00000|
| 152|0x000000008ae00000, 0x000000008af00000, 0x000000008af00000|100%| E|CS|TS  1|AC  0|TAMS 0x000000008ae00000, 0x000000008ae00000|
| 153|0x000000008af00000, 0x000000008b000000, 0x000000008b000000|100%| E|CS|TS  1|AC  0|TAMS 0x000000008af00000, 0x000000008af00000|

Card table byte_map: [0x000001c9780f0000,0x000001c9784f0000] byte_map_base: 0x000001c977ce5000

Marking Bits (Prev, Next): (CMBitMap*) 0x000001c95fad4928, (CMBitMap*) 0x000001c95fad48f0
 Prev Bits: [0x000001c97a8a0000, 0x000001c97c848000)
 Next Bits: [0x000001c9788f0000, 0x000001c97a898000)

Polling page: 0x000001c95f9f0000

CodeHeap 'non-profiled nmethods': size=120000Kb used=975Kb max_used=975Kb free=119024Kb
 bounds [0x000001c96fa50000, 0x000001c96fcc0000, 0x000001c976f80000]
CodeHeap 'profiled nmethods': size=120000Kb used=4497Kb max_used=4497Kb free=115502Kb
 bounds [0x000001c968520000, 0x000001c968990000, 0x000001c96fa50000]
CodeHeap 'non-nmethods': size=5760Kb used=1264Kb max_used=1308Kb free=4495Kb
 bounds [0x000001c967f80000, 0x000001c9681f0000, 0x000001c968520000]
 total_blobs=3138 nmethods=2174 adapters=349
 compilation: enabled

Compilation events (10 events):
Event: 1.608 Thread 0x000001c97fb7a800 2105       3       java.lang.invoke.TypeConvertingMethodAdapter::convertType (299 bytes)
Event: 1.611 Thread 0x000001c97fb72800 nmethod 2112 0x000001c96fb3d990 code [0x000001c96fb3db40, 0x000001c96fb3de18]
Event: 1.611 Thread 0x000001c97fb7a800 nmethod 2105 0x000001c968956610 code [0x000001c968957020, 0x000001c96895e4b0]
Event: 1.611 Thread 0x000001c97fb7a800 2115       1       org.springframework.core.annotation.PackagesAnnotationFilter::hashCode (5 bytes)
Event: 1.611 Thread 0x000001c97fb7a800 nmethod 2115 0x000001c96fb3e090 code [0x000001c96fb3e240, 0x000001c96fb3e358]
Event: 1.611 Thread 0x000001c97fb7a800 2108       3       java.util.HashMap::<init> (8 bytes)
Event: 1.612 Thread 0x000001c97fb7a800 nmethod 2108 0x000001c968960390 code [0x000001c968960560, 0x000001c9689606f0]
Event: 1.612 Thread 0x000001c97fb7a800 2116       1       org.springframework.core.annotation.TypeMappedAnnotation::isPresent (2 bytes)
Event: 1.612 Thread 0x000001c97fb7a800 nmethod 2116 0x000001c96fb3e410 code [0x000001c96fb3e5c0, 0x000001c96fb3e6d8]
Event: 1.612 Thread 0x000001c97fb7a800 2114       3       java.util.LinkedList::node (65 bytes)

GC Heap History (10 events):
Event: 0.741 GC heap before
{Heap before GC invocations=0 (full 0):
 garbage-first heap   total 131072K, used 25600K [0x0000000081600000, 0x0000000081700400, 0x0000000100000000)
  region size 1024K, 24 young (24576K), 0 survivors (0K)
 Metaspace       used 9121K, capacity 9294K, committed 9600K, reserved 1058816K
  class space    used 955K, capacity 1027K, committed 1152K, reserved 1048576K
}
Event: 0.747 GC heap after
{Heap after GC invocations=1 (full 0):
 garbage-first heap   total 131072K, used 8163K [0x0000000081600000, 0x0000000081700400, 0x0000000100000000)
  region size 1024K, 3 young (3072K), 3 survivors (3072K)
 Metaspace       used 9121K, capacity 9294K, committed 9600K, reserved 1058816K
  class space    used 955K, capacity 1027K, committed 1152K, reserved 1048576K
}
Event: 0.903 GC heap before
{Heap before GC invocations=1 (full 0):
 garbage-first heap   total 131072K, used 27619K [0x0000000081600000, 0x0000000081700400, 0x0000000100000000)
  region size 1024K, 22 young (22528K), 3 survivors (3072K)
 Metaspace       used 12707K, capacity 13112K, committed 13312K, reserved 1060864K
  class space    used 1386K, capacity 1482K, committed 1536K, reserved 1048576K
}
Event: 0.907 GC heap after
{Heap after GC invocations=2 (full 0):
 garbage-first heap   total 131072K, used 10317K [0x0000000081600000, 0x0000000081700400, 0x0000000100000000)
  region size 1024K, 3 young (3072K), 3 survivors (3072K)
 Metaspace       used 12707K, capacity 13112K, committed 13312K, reserved 1060864K
  class space    used 1386K, capacity 1482K, committed 1536K, reserved 1048576K
}
Event: 1.135 GC heap before
{Heap before GC invocations=2 (full 0):
 garbage-first heap   total 131072K, used 60493K [0x0000000081600000, 0x0000000081700400, 0x0000000100000000)
  region size 1024K, 52 young (53248K), 3 survivors (3072K)
 Metaspace       used 17242K, capacity 17986K, committed 18304K, reserved 1064960K
  class space    used 2132K, capacity 2311K, committed 2432K, reserved 1048576K
}
Event: 1.140 GC heap after
{Heap after GC invocations=3 (full 0):
 garbage-first heap   total 131072K, used 13466K [0x0000000081600000, 0x0000000081700400, 0x0000000100000000)
  region size 1024K, 6 young (6144K), 6 survivors (6144K)
 Metaspace       used 17242K, capacity 17986K, committed 18304K, reserved 1064960K
  class space    used 2132K, capacity 2311K, committed 2432K, reserved 1048576K
}
Event: 1.309 GC heap before
{Heap before GC invocations=3 (full 0):
 garbage-first heap   total 131072K, used 37018K [0x0000000081600000, 0x0000000081700400, 0x0000000100000000)
  region size 1024K, 30 young (30720K), 6 survivors (6144K)
 Metaspace       used 20228K, capacity 21136K, committed 21248K, reserved 1067008K
  class space    used 2515K, capacity 2718K, committed 2816K, reserved 1048576K
}
Event: 1.314 GC heap after
{Heap after GC invocations=4 (full 0):
 garbage-first heap   total 131072K, used 13253K [0x0000000081600000, 0x0000000081700400, 0x0000000100000000)
  region size 1024K, 5 young (5120K), 5 survivors (5120K)
 Metaspace       used 20228K, capacity 21136K, committed 21248K, reserved 1067008K
  class space    used 2515K, capacity 2718K, committed 2816K, reserved 1048576K
}
Event: 1.567 GC heap before
{Heap before GC invocations=5 (full 0):
 garbage-first heap   total 131072K, used 85957K [0x0000000081600000, 0x0000000081700400, 0x0000000100000000)
  region size 1024K, 76 young (77824K), 5 survivors (5120K)
 Metaspace       used 24305K, capacity 25380K, committed 25600K, reserved 1071104K
  class space    used 3009K, capacity 3228K, committed 3328K, reserved 1048576K
}
Event: 1.574 GC heap after
{Heap after GC invocations=6 (full 0):
 garbage-first heap   total 157696K, used 15406K [0x0000000081600000, 0x00000000817004d0, 0x0000000100000000)
  region size 1024K, 8 young (8192K), 8 survivors (8192K)
 Metaspace       used 24305K, capacity 25380K, committed 25600K, reserved 1071104K
  class space    used 3009K, capacity 3228K, committed 3328K, reserved 1048576K
}

Deoptimization events (10 events):
Event: 1.152 Thread 0x000001c900866000 Uncommon trap: reason=bimorphic_or_optimized_type_check action=maybe_recompile pc=0x000001c96faf26b0 method=java.util.HashMap.putVal(ILjava/lang/Object;Ljava/lang/Object;ZZ)Ljava/lang/Object; @ 91 c2
Event: 1.165 Thread 0x000001c95fa60000 Uncommon trap: reason=unstable_if action=reinterpret pc=0x000001c96fab2860 method=java.io.WinNTFileSystem.normalize(Ljava/lang/String;II)Ljava/lang/String; @ 87 c2
Event: 1.192 Thread 0x000001c95fa60000 Uncommon trap: reason=class_check action=maybe_recompile pc=0x000001c96fa5a354 method=java.lang.String.equals(Ljava/lang/Object;)Z @ 8 c2
Event: 1.210 Thread 0x000001c95fa60000 Uncommon trap: reason=unstable_if action=reinterpret pc=0x000001c96fa8c8a8 method=java.util.HashMap.hash(Ljava/lang/Object;)I @ 1 c2
Event: 1.228 Thread 0x000001c95fa60000 Uncommon trap: reason=class_check action=maybe_recompile pc=0x000001c96fa5a354 method=java.lang.String.equals(Ljava/lang/Object;)Z @ 8 c2
Event: 1.228 Thread 0x000001c95fa60000 Uncommon trap: reason=class_check action=maybe_recompile pc=0x000001c96fa5a354 method=java.lang.String.equals(Ljava/lang/Object;)Z @ 8 c2
Event: 1.228 Thread 0x000001c95fa60000 Uncommon trap: reason=class_check action=maybe_recompile pc=0x000001c96fa5a354 method=java.lang.String.equals(Ljava/lang/Object;)Z @ 8 c2
Event: 1.374 Thread 0x000001c95fa60000 Uncommon trap: reason=unstable_if action=reinterpret pc=0x000001c96fa73120 method=java.util.zip.ZipFile$Source.getEntryPos([BZ)I @ 157 c2
Event: 1.504 Thread 0x000001c900866000 Uncommon trap: reason=unstable_if action=reinterpret pc=0x000001c96fababa4 method=jdk.internal.org.objectweb.asm.Type.getArgumentsAndReturnSizes(Ljava/lang/String;)I @ 47 c2
Event: 1.504 Thread 0x000001c900866000 Uncommon trap: reason=unstable_if action=reinterpret pc=0x000001c96fb19bd8 method=jdk.internal.org.objectweb.asm.Frame.push(Ljdk/internal/org/objectweb/asm/ClassWriter;Ljava/lang/String;)V @ 18 c2

Classes redefined (0 events):
No events

Internal exceptions (10 events):
Event: 1.504 Thread 0x000001c900866000 Exception <a 'java/lang/NoSuchMethodError'{0x0000000087879748}: java.lang.invoke.DirectMethodHandle$Holder.invokeSpecial(Ljava/lang/Object;Ljava/lang/Object;)J> (0x0000000087879748) thrown at [t:/workspace/hotspot/src/share/vm/interpreter/linkResolver.cpp
Event: 1.506 Thread 0x000001c900866000 Exception <a 'java/lang/NoSuchMethodError'{0x00000000877fd838}: java.lang.invoke.DirectMethodHandle$Holder.invokeStatic(Ljava/lang/Object;Ljava/lang/Object;)J> (0x00000000877fd838) thrown at [t:/workspace/hotspot/src/share/vm/interpreter/linkResolver.cpp,
Event: 1.507 Thread 0x000001c900866000 Exception <a 'java/lang/NoSuchMethodError'{0x0000000087600c48}: java.lang.invoke.DirectMethodHandle$Holder.invokeStaticInit(Ljava/lang/Object;Ljava/lang/Object;)J> (0x0000000087600c48) thrown at [t:/workspace/hotspot/src/share/vm/interpreter/linkResolver.
Event: 1.508 Thread 0x000001c900866000 Exception <a 'java/lang/NoSuchMethodError'{0x000000008760d338}: java.lang.invoke.DirectMethodHandle$Holder.invokeInterface(Ljava/lang/Object;Ljava/lang/Object;)J> (0x000000008760d338) thrown at [t:/workspace/hotspot/src/share/vm/interpreter/linkResolver.c
Event: 1.508 Thread 0x000001c900866000 Exception <a 'java/lang/IncompatibleClassChangeError'{0x0000000087610128}: Found class java.lang.Object, but interface was expected> (0x0000000087610128) thrown at [t:/workspace/hotspot/src/share/vm/interpreter/linkResolver.cpp, line 793]
Event: 1.521 Thread 0x000001c900866000 Exception <a 'java/lang/NoSuchMethodError'{0x0000000085a4e5d0}: java.lang.invoke.DirectMethodHandle$Holder.invokeVirtual(Ljava/lang/Object;Ljava/lang/Object;Ljava/lang/Object;Ljava/lang/Object;)Ljava/lang/Object;> (0x0000000085a4e5d0) thrown at [t:/worksp
Event: 1.566 Thread 0x000001c95fa60000 Exception <a 'java/lang/IncompatibleClassChangeError'{0x0000000084aed428}: Found class java.lang.Object, but interface was expected> (0x0000000084aed428) thrown at [t:/workspace/hotspot/src/share/vm/interpreter/linkResolver.cpp, line 793]
Event: 1.589 Thread 0x000001c95fa60000 Exception <a 'java/lang/NoSuchMethodError'{0x000000008ae05140}: java.lang.invoke.DirectMethodHandle$Holder.invokeStatic(Ljava/lang/Object;Ljava/lang/Object;Ljava/lang/Object;Ljava/lang/Object;Ljava/lang/Object;)V> (0x000000008ae05140) thrown at [t:/worksp
Event: 1.598 Thread 0x000001c95fa60000 Exception <a 'java/lang/NoSuchMethodError'{0x000000008aed2458}: java.lang.Object.lambda$getAllAnnotationAttributes$0(Lorg/springframework/util/MultiValueMap;)Lorg/springframework/util/MultiValueMap;> (0x000000008aed2458) thrown at [t:/workspace/hotspot/sr
Event: 1.600 Thread 0x000001c95fa60000 Exception <a 'java/lang/NoSuchMethodError'{0x000000008aef7b88}: java.lang.invoke.DirectMethodHandle$Holder.invokeInterface(Ljava/lang/Object;Ljava/lang/Object;Ljava/lang/Object;Ljava/lang/Object;)V> (0x000000008aef7b88) thrown at [t:/workspace/hotspot/src

Events (10 events):
Event: 1.600 loading class org/springframework/boot/autoconfigure/context/MessageSourceAutoConfiguration$ResourceBundleCondition
Event: 1.600 loading class org/springframework/boot/autoconfigure/context/MessageSourceAutoConfiguration$ResourceBundleCondition done
Event: 1.607 loading class org/springframework/boot/autoconfigure/condition/ConditionalOnMissingClass
Event: 1.607 loading class org/springframework/boot/autoconfigure/condition/ConditionalOnMissingClass done
Event: 1.607 loading class org/springframework/boot/autoconfigure/condition/OnWebApplicationCondition$1
Event: 1.607 loading class org/springframework/boot/autoconfigure/condition/OnWebApplicationCondition$1 done
Event: 1.608 loading class org/springframework/boot/web/reactive/context/ConfigurableReactiveWebEnvironment
Event: 1.608 loading class org/springframework/boot/web/reactive/context/ConfigurableReactiveWebEnvironment done
Event: 1.608 loading class org/springframework/boot/web/reactive/context/ReactiveWebApplicationContext
Event: 1.608 loading class org/springframework/boot/web/reactive/context/ReactiveWebApplicationContext done


Dynamic libraries:
0x00007ff72b7b0000 - 0x00007ff72b7ee000 	C:\Program Files\Java\jre-9.0.4\bin\javaw.exe
0x00007ffb739e0000 - 0x00007ffb73bd0000 	C:\WINDOWS\SYSTEM32\ntdll.dll
0x00007ffb71d70000 - 0x00007ffb71e22000 	C:\WINDOWS\System32\KERNEL32.DLL
0x00007ffb70970000 - 0x00007ffb70c13000 	C:\WINDOWS\System32\KERNELBASE.dll
0x00007ffb72f90000 - 0x00007ffb73033000 	C:\WINDOWS\System32\ADVAPI32.dll
0x00007ffb724e0000 - 0x00007ffb7257e000 	C:\WINDOWS\System32\msvcrt.dll
0x00007ffb72110000 - 0x00007ffb721a7000 	C:\WINDOWS\System32\sechost.dll
0x00007ffb71e30000 - 0x00007ffb71f50000 	C:\WINDOWS\System32\RPCRT4.dll
0x00007ffb71bd0000 - 0x00007ffb71d64000 	C:\WINDOWS\System32\USER32.dll
0x00007ffb70c40000 - 0x00007ffb70c61000 	C:\WINDOWS\System32\win32u.dll
0x00007ffb727f0000 - 0x00007ffb72816000 	C:\WINDOWS\System32\GDI32.dll
0x00007ffb70d20000 - 0x00007ffb70eb4000 	C:\WINDOWS\System32\gdi32full.dll
0x00007ffb70f40000 - 0x00007ffb70fde000 	C:\WINDOWS\System32\msvcp_win.dll
0x00007ffb710c0000 - 0x00007ffb711ba000 	C:\WINDOWS\System32\ucrtbase.dll
0x00007ffb582f0000 - 0x00007ffb58575000 	C:\WINDOWS\WinSxS\amd64_microsoft.windows.common-controls_6595b64144ccf1df_6.0.18362.720_none_e6beb5c51314836b\COMCTL32.dll
0x00007ffb6a680000 - 0x00007ffb6a68a000 	C:\WINDOWS\SYSTEM32\VERSION.dll
0x00007ffb735e0000 - 0x00007ffb73916000 	C:\WINDOWS\System32\combase.dll
0x00007ffb70fe0000 - 0x00007ffb71060000 	C:\WINDOWS\System32\bcryptPrimitives.dll
0x00007ffb727c0000 - 0x00007ffb727ee000 	C:\WINDOWS\System32\IMM32.DLL
0x00007ffb35630000 - 0x00007ffb3571f000 	C:\Program Files\Java\jre-9.0.4\bin\msvcr120.dll
0x00007ffb39270000 - 0x00007ffb39316000 	C:\Program Files\Java\jre-9.0.4\bin\msvcp120.dll
0x0000000064560000 - 0x0000000064f85000 	C:\Program Files\Java\jre-9.0.4\bin\server\jvm.dll
0x00007ffb72580000 - 0x00007ffb72588000 	C:\WINDOWS\System32\PSAPI.DLL
0x00007ffb6c9e0000 - 0x00007ffb6ca04000 	C:\WINDOWS\SYSTEM32\WINMM.dll
0x00007ffb5ee50000 - 0x00007ffb5ee59000 	C:\WINDOWS\SYSTEM32\WSOCK32.dll
0x00007ffb72470000 - 0x00007ffb724df000 	C:\WINDOWS\System32\WS2_32.dll
0x00007ffb6c990000 - 0x00007ffb6c9bd000 	C:\WINDOWS\SYSTEM32\winmmbase.dll
0x00007ffb70ec0000 - 0x00007ffb70f0a000 	C:\WINDOWS\System32\cfgmgr32.dll
0x00007ffb57d90000 - 0x00007ffb57d9f000 	C:\Program Files\Java\jre-9.0.4\bin\verify.dll
0x00007ffb3a810000 - 0x00007ffb3a837000 	C:\Program Files\Java\jre-9.0.4\bin\java.dll
0x00007ffb4deb0000 - 0x00007ffb4dec6000 	C:\Program Files\Java\jre-9.0.4\bin\zip.dll
0x00007ffb55500000 - 0x00007ffb5550a000 	C:\Program Files\Java\jre-9.0.4\bin\jimage.dll
0x00007ffb72830000 - 0x00007ffb72f15000 	C:\WINDOWS\System32\SHELL32.dll
0x00007ffb73040000 - 0x00007ffb730e9000 	C:\WINDOWS\System32\shcore.dll
0x00007ffb711c0000 - 0x00007ffb71940000 	C:\WINDOWS\System32\windows.storage.dll
0x00007ffb70940000 - 0x00007ffb70963000 	C:\WINDOWS\System32\profapi.dll
0x00007ffb708b0000 - 0x00007ffb708fa000 	C:\WINDOWS\System32\powrprof.dll
0x00007ffb708a0000 - 0x00007ffb708b0000 	C:\WINDOWS\System32\UMPDC.dll
0x00007ffb730f0000 - 0x00007ffb73142000 	C:\WINDOWS\System32\shlwapi.dll
0x00007ffb70900000 - 0x00007ffb70911000 	C:\WINDOWS\System32\kernel.appcore.dll
0x00007ffb70c20000 - 0x00007ffb70c37000 	C:\WINDOWS\System32\cryptsp.dll
0x00007ffb4b190000 - 0x00007ffb4b1aa000 	C:\Program Files\Java\jre-9.0.4\bin\net.dll
0x00007ffb6b980000 - 0x00007ffb6ba71000 	C:\WINDOWS\SYSTEM32\WINHTTP.dll
0x00007ffb70110000 - 0x00007ffb70177000 	C:\WINDOWS\system32\mswsock.dll
0x00007ffb49f70000 - 0x00007ffb49f81000 	C:\Program Files\Java\jre-9.0.4\bin\nio.dll
0x00007ffb6c2a0000 - 0x00007ffb6c2a9000 	C:\Program Files\Java\jre-9.0.4\bin\management.dll
0x00007ffb6b6f0000 - 0x00007ffb6b6fa000 	C:\Program Files\Java\jre-9.0.4\bin\management_ext.dll
0x00007ffb557f0000 - 0x00007ffb55806000 	C:\WINDOWS\system32\napinsp.dll
0x00007ffb556b0000 - 0x00007ffb556ca000 	C:\WINDOWS\system32\pnrpnsp.dll
0x00007ffb6fe60000 - 0x00007ffb6ff2a000 	C:\WINDOWS\SYSTEM32\DNSAPI.dll
0x00007ffb72100000 - 0x00007ffb72108000 	C:\WINDOWS\System32\NSI.dll
0x00007ffb6fe20000 - 0x00007ffb6fe5a000 	C:\WINDOWS\SYSTEM32\IPHLPAPI.DLL
0x00007ffb57ad0000 - 0x00007ffb57ade000 	C:\WINDOWS\System32\winrnr.dll
0x00007ffb6dfb0000 - 0x00007ffb6dfcc000 	C:\WINDOWS\system32\NLAapi.dll
0x00007ffb55490000 - 0x00007ffb554a5000 	C:\WINDOWS\system32\wshbth.dll
0x00007ffb67b70000 - 0x00007ffb67b7a000 	C:\Windows\System32\rasadhlp.dll
0x00007ffb69430000 - 0x00007ffb694a7000 	C:\WINDOWS\System32\fwpuclnt.dll
0x00007ffb70f10000 - 0x00007ffb70f36000 	C:\WINDOWS\System32\bcrypt.dll
0x00007ffb6f1d0000 - 0x00007ffb6f3c4000 	C:\WINDOWS\SYSTEM32\dbghelp.dll

VM Arguments:
jvm_args: -Dfile.encoding=UTF-8 
java_command: com.euro.currencyApi.CurrencyApiApplication
java_class_path (initial): D:\currencyApi\target\classes;C:\Users\suman\.m2\repository\org\springframework\boot\spring-boot-starter-data-jpa\2.2.6.RELEASE\spring-boot-starter-data-jpa-2.2.6.RELEASE.jar;C:\Users\suman\.m2\repository\org\springframework\boot\spring-boot-starter-aop\2.2.6.RELEASE\spring-boot-starter-aop-2.2.6.RELEASE.jar;C:\Users\suman\.m2\repository\org\springframework\spring-aop\5.2.5.RELEASE\spring-aop-5.2.5.RELEASE.jar;C:\Users\suman\.m2\repository\org\aspectj\aspectjweaver\1.9.5\aspectjweaver-1.9.5.jar;C:\Users\suman\.m2\repository\org\springframework\boot\spring-boot-starter-jdbc\2.2.6.RELEASE\spring-boot-starter-jdbc-2.2.6.RELEASE.jar;C:\Users\suman\.m2\repository\com\zaxxer\HikariCP\3.4.2\HikariCP-3.4.2.jar;C:\Users\suman\.m2\repository\org\springframework\spring-jdbc\5.2.5.RELEASE\spring-jdbc-5.2.5.RELEASE.jar;C:\Users\suman\.m2\repository\jakarta\activation\jakarta.activation-api\1.2.2\jakarta.activation-api-1.2.2.jar;C:\Users\suman\.m2\repository\jakarta\persistence\jakarta.persistence-api\2.2.3\jakarta.persistence-api-2.2.3.jar;C:\Users\suman\.m2\repository\jakarta\transaction\jakarta.transaction-api\1.3.3\jakarta.transaction-api-1.3.3.jar;C:\Users\suman\.m2\repository\org\hibernate\hibernate-core\5.4.12.Final\hibernate-core-5.4.12.Final.jar;C:\Users\suman\.m2\repository\org\jboss\logging\jboss-logging\3.4.1.Final\jboss-logging-3.4.1.Final.jar;C:\Users\suman\.m2\repository\org\javassist\javassist\3.24.0-GA\javassist-3.24.0-GA.jar;C:\Users\suman\.m2\repository\net\bytebuddy\byte-buddy\1.10.8\byte-buddy-1.10.8.jar;C:\Users\suman\.m2\repository\antlr\antlr\2.7.7\antlr-2.7.7.jar;C:\Users\suman\.m2\repository\org\jboss\jandex\2.1.1.Final\jandex-2.1.1.Final.jar;C:\Users\suman\.m2\repository\com\fasterxml\classmate\1.5.1\classmate-1.5.1.jar;C:\Users\suman\.m2\repository\org\dom4j\dom4j\2.1.1\dom4j-2.1.1.jar;C:\Users\suman\.m2\repository\org\hibernate\common\hibernate-commons-annotations\5.1.0.Final\hibernate-commons-annotations-5.1.0.Final.jar;C
Launcher Type: SUN_STANDARD

Logging:
Log output configuration:
#0: stdout all=warning uptime,level,tags
#1: stderr all=off uptime,level,tags

Environment Variables:
JAVA_HOME=C:\Program Files\Java\jdk-9.0.4
PATH=C:\Program Files (x86)\Intel\Intel(R) Management Engine Components\iCLS\;C:\Program Files\Intel\Intel(R) Management Engine Components\iCLS\;C:\ProgramData\Oracle\Java\javapath;D:\app\suman\product\12.1.0\dbhome_1\bin;C:\WINDOWS\system32;C:\WINDOWS;C:\WINDOWS\System32\Wbem;C:\WINDOWS\System32\WindowsPowerShell\v1.0\;C:\WINDOWS\System32\OpenSSH\;C:\Program Files (x86)\Intel\Intel(R) Management Engine Components\DAL;C:\Program Files\Intel\Intel(R) Management Engine Components\DAL;C:\Program Files\nodejs\;C:\Program Files\Git\cmd;C:\Users\suman\AppData\Local\Microsoft\WindowsApps;C:\Users\suman\AppData\Roaming\npm;C:\Users\suman\AppData\Local\Programs\Microsoft VS Code\bin;C:\Users\suman\AppData\Local\GitHubDesktop\bin
USERNAME=suman
OS=Windows_NT
PROCESSOR_IDENTIFIER=Intel64 Family 6 Model 142 Stepping 10, GenuineIntel



---------------  S Y S T E M  ---------------

OS: Windows 10 , 64 bit Build 18362 (10.0.18362.329)

CPU:total 8 (initial active 8) (4 cores per cpu, 2 threads per core) family 6 model 142 stepping 10, cmov, cx8, fxsr, mmx, sse, sse2, sse3, ssse3, sse4.1, sse4.2, popcnt, avx, avx2, aes, clmul, erms, 3dnowpref, lzcnt, ht, tsc, tscinvbit, bmi1, bmi2, adx, fma

Memory: 4k page, physical 8295652k(620212k free), swap 17207904k(4704k free)

vm_info: Java HotSpot(TM) 64-Bit Server VM (9.0.4+11) for windows-amd64 JRE (9.0.4+11), built on Dec 20 2017 02:18:54 by "mach5one" with MS VC++ 12.0 (VS2013)

END.
